        -:    0:Source:dominion.c
        -:    0:Graph:dominion.gcno
        -:    0:Data:dominion.gcda
        -:    0:Runs:4
        -:    0:Programs:1
        -:    1:#include "dominion.h"
        -:    2:#include "dominion_helpers.h"
        -:    3:#include "rngs.h"
        -:    4:#include <stdio.h>
        -:    5:#include <math.h>
        -:    6:#include <stdlib.h>
        -:    7:
function compare called 112 returned 100% blocks executed 85%
        -:    8:int compare(const void* a, const void* b) {
      112:    9:    if (*(int*)a > *(int*)b)
branch  0 taken 0%
branch  1 taken 100%
    #####:   10:        return 1;
      112:   11:    if (*(int*)a < *(int*)b)
branch  0 taken 36%
branch  1 taken 64%
       40:   12:        return -1;
       72:   13:    return 0;
      112:   14:}
        -:   15:
function newGame called 0 returned 0% blocks executed 0%
        -:   16:struct gameState* newGame() {
    #####:   17:    struct gameState* g = malloc(sizeof(struct gameState));
    #####:   18:    return g;
        -:   19:}
        -:   20:
function kingdomCards called 4 returned 100% blocks executed 100%
        -:   21:int* kingdomCards(int k1, int k2, int k3, int k4, int k5, int k6, int k7,
        -:   22:                  int k8, int k9, int k10) {
        4:   23:    int* k = malloc(10 * sizeof(int));
        4:   24:    k[0] = k1;
        4:   25:    k[1] = k2;
        4:   26:    k[2] = k3;
        4:   27:    k[3] = k4;
        4:   28:    k[4] = k5;
        4:   29:    k[5] = k6;
        4:   30:    k[6] = k7;
        4:   31:    k[7] = k8;
        4:   32:    k[8] = k9;
        4:   33:    k[9] = k10;
        4:   34:    return k;
        -:   35:}
        -:   36:
function initializeGame called 4 returned 100% blocks executed 87%
        -:   37:int initializeGame(int numPlayers, int kingdomCards[10], int randomSeed,
        -:   38:                   struct gameState *state) {
        -:   39:    int i;
        -:   40:    int j;
        -:   41:    int it;
        -:   42:
        -:   43:    //set up random number generator
        4:   44:    SelectStream(1);
        4:   45:    PutSeed((long)randomSeed);
        -:   46:
        -:   47:    //check number of players
        8:   48:    if (numPlayers > MAX_PLAYERS || numPlayers < 2)
branch  0 taken 100%
branch  1 taken 0%
branch  2 taken 0%
branch  3 taken 100%
        -:   49:    {
    #####:   50:        return -1;
        -:   51:    }
        -:   52:
        -:   53:    //set number of players
        4:   54:    state->numPlayers = numPlayers;
        -:   55:
        -:   56:    //check selected kingdom cards are different
       88:   57:    for (i = 0; i < 10; i++)
branch  0 taken 91%
branch  1 taken 9%
        -:   58:    {
      880:   59:        for (j = 0; j < 10; j++)
branch  0 taken 91%
branch  1 taken 9%
        -:   60:        {
      760:   61:            if (j != i && kingdomCards[j] == kingdomCards[i])
branch  0 taken 90%
branch  1 taken 10%
branch  2 taken 0%
branch  3 taken 100%
        -:   62:            {
    #####:   63:                return -1;
        -:   64:            }
      400:   65:        }
       40:   66:    }
        -:   67:
        -:   68:
        -:   69:    //initialize supply
        -:   70:    ///////////////////////////////
        -:   71:
        -:   72:    //set number of Curse cards
        4:   73:    if (numPlayers == 2)
branch  0 taken 100%
branch  1 taken 0%
        -:   74:    {
        4:   75:        state->supplyCount[curse] = 10;
        4:   76:    }
    #####:   77:    else if (numPlayers == 3)
branch  0 never executed
branch  1 never executed
        -:   78:    {
    #####:   79:        state->supplyCount[curse] = 20;
    #####:   80:    }
        -:   81:    else
        -:   82:    {
    #####:   83:        state->supplyCount[curse] = 30;
        -:   84:    }
        -:   85:
        -:   86:    //set number of Victory cards
        4:   87:    if (numPlayers == 2)
branch  0 taken 100%
branch  1 taken 0%
        -:   88:    {
        4:   89:        state->supplyCount[estate] = 8;
        4:   90:        state->supplyCount[duchy] = 8;
        4:   91:        state->supplyCount[province] = 8;
        4:   92:    }
        -:   93:    else
        -:   94:    {
    #####:   95:        state->supplyCount[estate] = 12;
    #####:   96:        state->supplyCount[duchy] = 12;
    #####:   97:        state->supplyCount[province] = 12;
        -:   98:    }
        -:   99:
        -:  100:    //set number of Treasure cards
        4:  101:    state->supplyCount[copper] = 60 - (7 * numPlayers);
        4:  102:    state->supplyCount[silver] = 40;
        4:  103:    state->supplyCount[gold] = 30;
        -:  104:
        -:  105:    //set number of Kingdom cards
      168:  106:    for (i = adventurer; i <= treasure_map; i++)       	//loop all cards
branch  0 taken 95%
branch  1 taken 5%
        -:  107:    {
     1680:  108:        for (j = 0; j < 10; j++)           		//loop chosen cards
branch  0 taken 92%
branch  1 taken 8%
        -:  109:        {
      776:  110:            if (kingdomCards[j] == i)
branch  0 taken 2%
branch  1 taken 98%
        -:  111:            {
        -:  112:                //check if card is a 'Victory' Kingdom card
       32:  113:                if (kingdomCards[j] == great_hall || kingdomCards[j] == gardens)
branch  0 taken 100%
branch  1 taken 0%
branch  2 taken 25%
branch  3 taken 75%
        -:  114:                {
        4:  115:                    if (numPlayers == 2) {
branch  0 taken 100%
branch  1 taken 0%
        4:  116:                        state->supplyCount[i] = 8;
        4:  117:                    }
        -:  118:                    else {
    #####:  119:                        state->supplyCount[i] = 12;
        -:  120:                    }
        4:  121:                }
        -:  122:                else
        -:  123:                {
       12:  124:                    state->supplyCount[i] = 10;
        -:  125:                }
       16:  126:                break;
        -:  127:            }
        -:  128:            else    //card is not in the set choosen for the game
        -:  129:            {
      760:  130:                state->supplyCount[i] = -1;
        -:  131:            }
      760:  132:        }
        -:  133:
       80:  134:    }
        -:  135:
        -:  136:    ////////////////////////
        -:  137:    //supply intilization complete
        -:  138:
        -:  139:    //set player decks
       24:  140:    for (i = 0; i < numPlayers; i++)
branch  0 taken 67%
branch  1 taken 33%
        -:  141:    {
        8:  142:        state->deckCount[i] = 0;
       64:  143:        for (j = 0; j < 3; j++)
branch  0 taken 75%
branch  1 taken 25%
        -:  144:        {
       24:  145:            state->deck[i][j] = estate;
       24:  146:            state->deckCount[i]++;
       24:  147:        }
      128:  148:        for (j = 3; j < 10; j++)
branch  0 taken 88%
branch  1 taken 13%
        -:  149:        {
       56:  150:            state->deck[i][j] = copper;
       56:  151:            state->deckCount[i]++;
       56:  152:        }
        8:  153:    }
        -:  154:
        -:  155:    //shuffle player decks
       24:  156:    for (i = 0; i < numPlayers; i++)
branch  0 taken 67%
branch  1 taken 33%
        -:  157:    {
        8:  158:        if ( shuffle(i, state) < 0 )
branch  0 taken 0%
branch  1 taken 100%
        -:  159:        {
    #####:  160:            return -1;
        -:  161:        }
        8:  162:    }
        -:  163:
        -:  164:    //draw player hands
       24:  165:    for (i = 0; i < numPlayers; i++)
branch  0 taken 67%
branch  1 taken 33%
        -:  166:    {
        -:  167:        //initialize hand size to zero
        8:  168:        state->handCount[i] = 0;
        8:  169:        state->discardCount[i] = 0;
        -:  170:        //draw 5 cards
        -:  171:        // for (j = 0; j < 5; j++)
        -:  172:        //	{
        -:  173:        //	  drawCard(i, state);
        -:  174:        //	}
        8:  175:    }
        -:  176:
        -:  177:    //set embargo tokens to 0 for all supply piles
      224:  178:    for (i = 0; i <= treasure_map; i++)
branch  0 taken 96%
branch  1 taken 4%
        -:  179:    {
      108:  180:        state->embargoTokens[i] = 0;
      108:  181:    }
        -:  182:
        -:  183:    //initialize first player's turn
        4:  184:    state->outpostPlayed = 0;
        4:  185:    state->phase = 0;
        4:  186:    state->numActions = 1;
        4:  187:    state->numBuys = 1;
        4:  188:    state->playedCardCount = 0;
        4:  189:    state->whoseTurn = 0;
        4:  190:    state->handCount[state->whoseTurn] = 0;
        -:  191:    //int it; move to top
        -:  192:
        -:  193:    //Moved draw cards to here, only drawing at the start of a turn
       48:  194:    for (it = 0; it < 5; it++) {
branch  0 taken 83%
branch  1 taken 17%
       20:  195:        drawCard(state->whoseTurn, state);
       20:  196:    }
        -:  197:
        4:  198:    updateCoins(state->whoseTurn, state, 0);
        -:  199:
        4:  200:    return 0;
        4:  201:}
        -:  202:
function shuffle called 8 returned 100% blocks executed 93%
        -:  203:int shuffle(int player, struct gameState *state) {
        -:  204:
        -:  205:
        -:  206:    int newDeck[MAX_DECK];
        8:  207:    int newDeckPos = 0;
        -:  208:    int card;
        -:  209:    int i;
        -:  210:
        8:  211:    if (state->deckCount[player] < 1)
branch  0 taken 0%
branch  1 taken 100%
    #####:  212:        return -1;
        8:  213:    qsort ((void*)(state->deck[player]), state->deckCount[player], sizeof(int), compare);
        -:  214:    /* SORT CARDS IN DECK TO ENSURE DETERMINISM! */
        -:  215:
      176:  216:    while (state->deckCount[player] > 0) {
branch  0 taken 91%
branch  1 taken 9%
       80:  217:        card = floor(Random() * state->deckCount[player]);
       80:  218:        newDeck[newDeckPos] = state->deck[player][card];
       80:  219:        newDeckPos++;
      528:  220:        for (i = card; i < state->deckCount[player]-1; i++) {
branch  0 taken 70%
branch  1 taken 30%
      184:  221:            state->deck[player][i] = state->deck[player][i+1];
      184:  222:        }
       80:  223:        state->deckCount[player]--;
        -:  224:    }
      176:  225:    for (i = 0; i < newDeckPos; i++) {
branch  0 taken 91%
branch  1 taken 9%
       80:  226:        state->deck[player][i] = newDeck[i];
       80:  227:        state->deckCount[player]++;
       80:  228:    }
        -:  229:
        8:  230:    return 0;
        8:  231:}
        -:  232:
function playCard called 0 returned 0% blocks executed 0%
        -:  233:int playCard(int handPos, int choice1, int choice2, int choice3, struct gameState *state)
        -:  234:{
        -:  235:    int card;
    #####:  236:    int coin_bonus = 0; 		//tracks coins gain from actions
        -:  237:
        -:  238:    //check if it is the right phase
    #####:  239:    if (state->phase != 0)
branch  0 never executed
branch  1 never executed
        -:  240:    {
    #####:  241:        return -1;
        -:  242:    }
        -:  243:
        -:  244:    //check if player has enough actions
    #####:  245:    if ( state->numActions < 1 )
branch  0 never executed
branch  1 never executed
        -:  246:    {
    #####:  247:        return -1;
        -:  248:    }
        -:  249:
        -:  250:    //get card played
    #####:  251:    card = handCard(handPos, state);
        -:  252:
        -:  253:    //check if selected card is an action
    #####:  254:    if ( card < adventurer || card > treasure_map )
branch  0 never executed
branch  1 never executed
branch  2 never executed
branch  3 never executed
        -:  255:    {
    #####:  256:        return -1;
        -:  257:    }
        -:  258:
        -:  259:    //play card
    #####:  260:    if ( cardEffect(card, choice1, choice2, choice3, state, handPos, &coin_bonus) < 0 )
branch  0 never executed
branch  1 never executed
        -:  261:    {
    #####:  262:        return -1;
        -:  263:    }
        -:  264:
        -:  265:    //reduce number of actions
    #####:  266:    state->numActions--;
        -:  267:
        -:  268:    //update coins (Treasure cards may be added with card draws)
    #####:  269:    updateCoins(state->whoseTurn, state, coin_bonus);
        -:  270:
    #####:  271:    return 0;
    #####:  272:}
        -:  273:
function buyCard called 0 returned 0% blocks executed 0%
        -:  274:int buyCard(int supplyPos, struct gameState *state) {
        -:  275:    int who;
        -:  276:    if (DEBUG) {
        -:  277:        printf("Entering buyCard...\n");
        -:  278:    }
        -:  279:
        -:  280:    // I don't know what to do about the phase thing.
        -:  281:
    #####:  282:    who = state->whoseTurn;
        -:  283:
    #####:  284:    if (state->numBuys < 1) {
branch  0 never executed
branch  1 never executed
        -:  285:        if (DEBUG)
        -:  286:            printf("You do not have any buys left\n");
    #####:  287:        return -1;
    #####:  288:    } else if (supplyCount(supplyPos, state) <1) {
branch  0 never executed
branch  1 never executed
        -:  289:        if (DEBUG)
        -:  290:            printf("There are not any of that type of card left\n");
    #####:  291:        return -1;
    #####:  292:    } else if (state->coins < getCost(supplyPos)) {
branch  0 never executed
branch  1 never executed
        -:  293:        if (DEBUG)
        -:  294:            printf("You do not have enough money to buy that. You have %d coins.\n", state->coins);
    #####:  295:        return -1;
        -:  296:    } else {
    #####:  297:        state->phase=1;
        -:  298:        //state->supplyCount[supplyPos]--;
    #####:  299:        gainCard(supplyPos, state, 0, who); //card goes in discard, this might be wrong.. (2 means goes into hand, 0 goes into discard)
        -:  300:
    #####:  301:        state->coins = (state->coins) - (getCost(supplyPos));
    #####:  302:        state->numBuys--;
        -:  303:        if (DEBUG)
        -:  304:            printf("You bought card number %d for %d coins. You now have %d buys and %d coins.\n", supplyPos, getCost(supplyPos), state->numBuys, state->coins);
        -:  305:    }
        -:  306:
        -:  307:    //state->discard[who][state->discardCount[who]] = supplyPos;
        -:  308:    //state->discardCount[who]++;
        -:  309:
    #####:  310:    return 0;
    #####:  311:}
        -:  312:
function numHandCards called 4 returned 100% blocks executed 100%
        -:  313:int numHandCards(struct gameState *state) {
        4:  314:    return state->handCount[ whoseTurn(state) ];
        -:  315:}
        -:  316:
function handCard called 0 returned 0% blocks executed 0%
        -:  317:int handCard(int handPos, struct gameState *state) {
    #####:  318:    int currentPlayer = whoseTurn(state);
    #####:  319:    return state->hand[currentPlayer][handPos];
        -:  320:}
        -:  321:
function supplyCount called 9 returned 100% blocks executed 100%
        -:  322:int supplyCount(int card, struct gameState *state) {
        9:  323:    return state->supplyCount[card];
        -:  324:}
        -:  325:
function fullDeckCount called 0 returned 0% blocks executed 0%
        -:  326:int fullDeckCount(int player, int card, struct gameState *state) {
        -:  327:    int i;
    #####:  328:    int count = 0;
        -:  329:
    #####:  330:    for (i = 0; i < state->deckCount[player]; i++)
branch  0 never executed
branch  1 never executed
        -:  331:    {
    #####:  332:        if (state->deck[player][i] == card) count++;
branch  0 never executed
branch  1 never executed
    #####:  333:    }
        -:  334:
    #####:  335:    for (i = 0; i < state->handCount[player]; i++)
branch  0 never executed
branch  1 never executed
        -:  336:    {
    #####:  337:        if (state->hand[player][i] == card) count++;
branch  0 never executed
branch  1 never executed
    #####:  338:    }
        -:  339:
    #####:  340:    for (i = 0; i < state->discardCount[player]; i++)
branch  0 never executed
branch  1 never executed
        -:  341:    {
    #####:  342:        if (state->discard[player][i] == card) count++;
branch  0 never executed
branch  1 never executed
    #####:  343:    }
        -:  344:
    #####:  345:    return count;
        -:  346:}
        -:  347:
function whoseTurn called 4 returned 100% blocks executed 100%
        -:  348:int whoseTurn(struct gameState *state) {
        4:  349:    return state->whoseTurn;
        -:  350:}
        -:  351:
function endTurn called 0 returned 0% blocks executed 0%
        -:  352:int endTurn(struct gameState *state) {
        -:  353:    int k;
        -:  354:    int i;
    #####:  355:    int currentPlayer = whoseTurn(state);
        -:  356:
        -:  357:    //Discard hand
    #####:  358:    for (i = 0; i < state->handCount[currentPlayer]; i++) {
branch  0 never executed
branch  1 never executed
    #####:  359:        state->discard[currentPlayer][state->discardCount[currentPlayer]++] = state->hand[currentPlayer][i];//Discard
    #####:  360:        state->hand[currentPlayer][i] = -1;//Set card to -1
    #####:  361:    }
    #####:  362:    state->handCount[currentPlayer] = 0;//Reset hand count
        -:  363:
        -:  364:    //Code for determining the player
    #####:  365:    if (currentPlayer < (state->numPlayers - 1)) {
branch  0 never executed
branch  1 never executed
    #####:  366:        state->whoseTurn = currentPlayer + 1;//Still safe to increment
    #####:  367:    }
        -:  368:    else {
    #####:  369:        state->whoseTurn = 0;//Max player has been reached, loop back around to player 1
        -:  370:    }
        -:  371:
    #####:  372:    state->outpostPlayed = 0;
    #####:  373:    state->phase = 0;
    #####:  374:    state->numActions = 1;
    #####:  375:    state->coins = 0;
    #####:  376:    state->numBuys = 1;
    #####:  377:    state->playedCardCount = 0;
    #####:  378:    state->handCount[state->whoseTurn] = 0;
        -:  379:
        -:  380:    //int k; move to top
        -:  381:    //Next player draws hand
    #####:  382:    for (k = 0; k < 5; k++) {
branch  0 never executed
branch  1 never executed
    #####:  383:        drawCard(state->whoseTurn, state);//Draw a card
    #####:  384:    }
        -:  385:
        -:  386:    //Update money
    #####:  387:    updateCoins(state->whoseTurn, state, 0);
        -:  388:
    #####:  389:    return 0;
        -:  390:}
        -:  391:
function isGameOver called 1 returned 100% blocks executed 84%
        -:  392:int isGameOver(struct gameState *state) {
        -:  393:    int i;
        -:  394:    int j;
        -:  395:
        -:  396:    //if stack of Province cards is empty, the game ends
        1:  397:    if (state->supplyCount[province] == 0)
branch  0 taken 0%
branch  1 taken 100%
        -:  398:    {
    #####:  399:        return 1;
        -:  400:    }
        -:  401:
        -:  402:    //if three supply pile are at 0, the game ends
        1:  403:    j = 0;
       52:  404:    for (i = 0; i < 25; i++)
branch  0 taken 96%
branch  1 taken 4%
        -:  405:    {
       25:  406:        if (state->supplyCount[i] == 0)
branch  0 taken 4%
branch  1 taken 96%
        -:  407:        {
        1:  408:            j++;
        1:  409:        }
       25:  410:    }
        1:  411:    if ( j >= 3)
branch  0 taken 0%
branch  1 taken 100%
        -:  412:    {
    #####:  413:        return 1;
        -:  414:    }
        -:  415:
        1:  416:    return 0;
        1:  417:}
        -:  418:
function scoreFor called 0 returned 0% blocks executed 0%
        -:  419:int scoreFor (int player, struct gameState *state) {
        -:  420:
        -:  421:    int i;
    #####:  422:    int score = 0;
        -:  423:    //score from hand
    #####:  424:    for (i = 0; i < state->handCount[player]; i++)
branch  0 never executed
branch  1 never executed
        -:  425:    {
    #####:  426:        if (state->hand[player][i] == curse) {
branch  0 never executed
branch  1 never executed
    #####:  427:            score = score - 1;
    #####:  428:        };
    #####:  429:        if (state->hand[player][i] == estate) {
branch  0 never executed
branch  1 never executed
    #####:  430:            score = score + 1;
    #####:  431:        };
    #####:  432:        if (state->hand[player][i] == duchy) {
branch  0 never executed
branch  1 never executed
    #####:  433:            score = score + 3;
    #####:  434:        };
    #####:  435:        if (state->hand[player][i] == province) {
branch  0 never executed
branch  1 never executed
    #####:  436:            score = score + 6;
    #####:  437:        };
    #####:  438:        if (state->hand[player][i] == great_hall) {
branch  0 never executed
branch  1 never executed
    #####:  439:            score = score + 1;
    #####:  440:        };
    #####:  441:        if (state->hand[player][i] == gardens) {
branch  0 never executed
branch  1 never executed
    #####:  442:            score = score + ( fullDeckCount(player, 0, state) / 10 );
    #####:  443:        };
    #####:  444:    }
        -:  445:
        -:  446:    //score from discard
    #####:  447:    for (i = 0; i < state->discardCount[player]; i++)
branch  0 never executed
branch  1 never executed
        -:  448:    {
    #####:  449:        if (state->discard[player][i] == curse) {
branch  0 never executed
branch  1 never executed
    #####:  450:            score = score - 1;
    #####:  451:        };
    #####:  452:        if (state->discard[player][i] == estate) {
branch  0 never executed
branch  1 never executed
    #####:  453:            score = score + 1;
    #####:  454:        };
    #####:  455:        if (state->discard[player][i] == duchy) {
branch  0 never executed
branch  1 never executed
    #####:  456:            score = score + 3;
    #####:  457:        };
    #####:  458:        if (state->discard[player][i] == province) {
branch  0 never executed
branch  1 never executed
    #####:  459:            score = score + 6;
    #####:  460:        };
    #####:  461:        if (state->discard[player][i] == great_hall) {
branch  0 never executed
branch  1 never executed
    #####:  462:            score = score + 1;
    #####:  463:        };
    #####:  464:        if (state->discard[player][i] == gardens) {
branch  0 never executed
branch  1 never executed
    #####:  465:            score = score + ( fullDeckCount(player, 0, state) / 10 );
    #####:  466:        };
    #####:  467:    }
        -:  468:
        -:  469:    //score from deck
    #####:  470:    for (i = 0; i < state->discardCount[player]; i++)
branch  0 never executed
branch  1 never executed
        -:  471:    {
    #####:  472:        if (state->deck[player][i] == curse) {
branch  0 never executed
branch  1 never executed
    #####:  473:            score = score - 1;
    #####:  474:        };
    #####:  475:        if (state->deck[player][i] == estate) {
branch  0 never executed
branch  1 never executed
    #####:  476:            score = score + 1;
    #####:  477:        };
    #####:  478:        if (state->deck[player][i] == duchy) {
branch  0 never executed
branch  1 never executed
    #####:  479:            score = score + 3;
    #####:  480:        };
    #####:  481:        if (state->deck[player][i] == province) {
branch  0 never executed
branch  1 never executed
    #####:  482:            score = score + 6;
    #####:  483:        };
    #####:  484:        if (state->deck[player][i] == great_hall) {
branch  0 never executed
branch  1 never executed
    #####:  485:            score = score + 1;
    #####:  486:        };
    #####:  487:        if (state->deck[player][i] == gardens) {
branch  0 never executed
branch  1 never executed
    #####:  488:            score = score + ( fullDeckCount(player, 0, state) / 10 );
    #####:  489:        };
    #####:  490:    }
        -:  491:
    #####:  492:    return score;
        -:  493:}
        -:  494:
function getWinners called 0 returned 0% blocks executed 0%
        -:  495:int getWinners(int players[MAX_PLAYERS], struct gameState *state) {
        -:  496:    int i;
        -:  497:    int j;
        -:  498:    int highScore;
        -:  499:    int currentPlayer;
        -:  500:
        -:  501:    //get score for each player
    #####:  502:    for (i = 0; i < MAX_PLAYERS; i++)
branch  0 never executed
branch  1 never executed
        -:  503:    {
        -:  504:        //set unused player scores to -9999
    #####:  505:        if (i >= state->numPlayers)
branch  0 never executed
branch  1 never executed
        -:  506:        {
    #####:  507:            players[i] = -9999;
    #####:  508:        }
        -:  509:        else
        -:  510:        {
    #####:  511:            players[i] = scoreFor (i, state);
        -:  512:        }
    #####:  513:    }
        -:  514:
        -:  515:    //find highest score
    #####:  516:    j = 0;
    #####:  517:    for (i = 0; i < MAX_PLAYERS; i++)
branch  0 never executed
branch  1 never executed
        -:  518:    {
    #####:  519:        if (players[i] > players[j])
branch  0 never executed
branch  1 never executed
        -:  520:        {
    #####:  521:            j = i;
    #####:  522:        }
    #####:  523:    }
    #####:  524:    highScore = players[j];
        -:  525:
        -:  526:    //add 1 to players who had less turns
    #####:  527:    currentPlayer = whoseTurn(state);
    #####:  528:    for (i = 0; i < MAX_PLAYERS; i++)
branch  0 never executed
branch  1 never executed
        -:  529:    {
    #####:  530:        if ( players[i] == highScore && i > currentPlayer )
branch  0 never executed
branch  1 never executed
branch  2 never executed
branch  3 never executed
        -:  531:        {
    #####:  532:            players[i]++;
    #####:  533:        }
    #####:  534:    }
        -:  535:
        -:  536:    //find new highest score
    #####:  537:    j = 0;
    #####:  538:    for (i = 0; i < MAX_PLAYERS; i++)
branch  0 never executed
branch  1 never executed
        -:  539:    {
    #####:  540:        if ( players[i] > players[j] )
branch  0 never executed
branch  1 never executed
        -:  541:        {
    #####:  542:            j = i;
    #####:  543:        }
    #####:  544:    }
    #####:  545:    highScore = players[j];
        -:  546:
        -:  547:    //set winners in array to 1 and rest to 0
    #####:  548:    for (i = 0; i < MAX_PLAYERS; i++)
branch  0 never executed
branch  1 never executed
        -:  549:    {
    #####:  550:        if ( players[i] == highScore )
branch  0 never executed
branch  1 never executed
        -:  551:        {
    #####:  552:            players[i] = 1;
    #####:  553:        }
        -:  554:        else
        -:  555:        {
    #####:  556:            players[i] = 0;
        -:  557:        }
    #####:  558:    }
        -:  559:
    #####:  560:    return 0;
        -:  561:}
        -:  562:
function drawCard called 26 returned 100% blocks executed 41%
        -:  563:int drawCard(int player, struct gameState *state)
        -:  564:{   int count;
        -:  565:    int deckCounter;
       26:  566:    if (state->deckCount[player] <= 0) { //Deck is empty
branch  0 taken 0%
branch  1 taken 100%
        -:  567:
        -:  568:        //Step 1 Shuffle the discard pile back into a deck
        -:  569:        int i;
        -:  570:        //Move discard to deck
    #####:  571:        for (i = 0; i < state->discardCount[player]; i++) {
branch  0 never executed
branch  1 never executed
    #####:  572:            state->deck[player][i] = state->discard[player][i];
    #####:  573:            state->discard[player][i] = -1;
    #####:  574:        }
        -:  575:
    #####:  576:        state->deckCount[player] = state->discardCount[player];
    #####:  577:        state->discardCount[player] = 0;//Reset discard
        -:  578:
        -:  579:        //Shufffle the deck
    #####:  580:        shuffle(player, state);//Shuffle the deck up and make it so that we can draw
        -:  581:
        -:  582:        if (DEBUG) { //Debug statements
        -:  583:            printf("Deck count now: %d\n", state->deckCount[player]);
        -:  584:        }
        -:  585:
    #####:  586:        state->discardCount[player] = 0;
        -:  587:
        -:  588:        //Step 2 Draw Card
    #####:  589:        count = state->handCount[player];//Get current player's hand count
        -:  590:
        -:  591:        if (DEBUG) { //Debug statements
        -:  592:            printf("Current hand count: %d\n", count);
        -:  593:        }
        -:  594:
    #####:  595:        deckCounter = state->deckCount[player];//Create a holder for the deck count
        -:  596:
    #####:  597:        if (deckCounter == 0)
branch  0 never executed
branch  1 never executed
    #####:  598:            return -1;
        -:  599:
    #####:  600:        state->hand[player][count] = state->deck[player][deckCounter - 1];//Add card to hand
    #####:  601:        state->deckCount[player]--;
    #####:  602:        state->handCount[player]++;//Increment hand count
    #####:  603:    }
        -:  604:
        -:  605:    else {
       26:  606:        int count = state->handCount[player];//Get current hand count for player
        -:  607:        int deckCounter;
        -:  608:        if (DEBUG) { //Debug statements
        -:  609:            printf("Current hand count: %d\n", count);
        -:  610:        }
        -:  611:
       26:  612:        deckCounter = state->deckCount[player];//Create holder for the deck count
       26:  613:        state->hand[player][count] = state->deck[player][deckCounter - 1];//Add card to the hand
       26:  614:        state->deckCount[player]--;
       26:  615:        state->handCount[player]++;//Increment hand count
        -:  616:    }
        -:  617:
       26:  618:    return 0;
       26:  619:}
        -:  620:
function getCost called 0 returned 0% blocks executed 0%
        -:  621:int getCost(int cardNumber)
        -:  622:{
    #####:  623:    switch( cardNumber )
branch  0 never executed
branch  1 never executed
branch  2 never executed
branch  3 never executed
branch  4 never executed
branch  5 never executed
branch  6 never executed
branch  7 never executed
branch  8 never executed
branch  9 never executed
branch 10 never executed
branch 11 never executed
branch 12 never executed
branch 13 never executed
branch 14 never executed
branch 15 never executed
branch 16 never executed
branch 17 never executed
branch 18 never executed
branch 19 never executed
branch 20 never executed
branch 21 never executed
branch 22 never executed
branch 23 never executed
branch 24 never executed
branch 25 never executed
branch 26 never executed
branch 27 never executed
        -:  624:    {
        -:  625:    case curse:
    #####:  626:        return 0;
        -:  627:    case estate:
    #####:  628:        return 2;
        -:  629:    case duchy:
    #####:  630:        return 5;
        -:  631:    case province:
    #####:  632:        return 8;
        -:  633:    case copper:
    #####:  634:        return 0;
        -:  635:    case silver:
    #####:  636:        return 3;
        -:  637:    case gold:
    #####:  638:        return 6;
        -:  639:    case adventurer:
    #####:  640:        return 6;
        -:  641:    case council_room:
    #####:  642:        return 5;
        -:  643:    case feast:
    #####:  644:        return 4;
        -:  645:    case gardens:
    #####:  646:        return 4;
        -:  647:    case mine:
    #####:  648:        return 5;
        -:  649:    case remodel:
    #####:  650:        return 4;
        -:  651:    case smithy:
    #####:  652:        return 4;
        -:  653:    case village:
    #####:  654:        return 3;
        -:  655:    case baron:
    #####:  656:        return 4;
        -:  657:    case great_hall:
    #####:  658:        return 3;
        -:  659:    case minion:
    #####:  660:        return 5;
        -:  661:    case steward:
    #####:  662:        return 3;
        -:  663:    case tribute:
    #####:  664:        return 5;
        -:  665:    case ambassador:
    #####:  666:        return 3;
        -:  667:    case cutpurse:
    #####:  668:        return 4;
        -:  669:    case embargo:
    #####:  670:        return 2;
        -:  671:    case outpost:
    #####:  672:        return 5;
        -:  673:    case salvager:
    #####:  674:        return 4;
        -:  675:    case sea_hag:
    #####:  676:        return 4;
        -:  677:    case treasure_map:
    #####:  678:        return 4;
        -:  679:    }
        -:  680:
    #####:  681:    return -1;
    #####:  682:}
        -:  683:
function cardEffect called 0 returned 0% blocks executed 0%
        -:  684:int cardEffect(int card, int choice1, int choice2, int choice3, struct gameState *state, int handPos, int *bonus)
        -:  685:{
    #####:  686:    int i=0;
    #####:  687:    int j=0;
        -:  688:    int k;
        -:  689:    int x;
        -:  690:    int index;
    #####:  691:    int currentPlayer = whoseTurn(state);
    #####:  692:    int nextPlayer = currentPlayer + 1;
        -:  693:
    #####:  694:    int tributeRevealedCards[2] = {-1, -1};
        -:  695:    int temphand[MAX_HAND];// moved above the if statement
    #####:  696:    int drawntreasure=0;
        -:  697:    int cardDrawn;
    #####:  698:    int z = 0;// this is the counter for the temp hand
    #####:  699:    if (nextPlayer > (state->numPlayers - 1)) {
branch  0 never executed
branch  1 never executed
    #####:  700:        nextPlayer = 0;
    #####:  701:    }
        -:  702:
        -:  703:
        -:  704:    //uses switch to select card and perform actions
    #####:  705:    switch( card )
branch  0 never executed
branch  1 never executed
branch  2 never executed
branch  3 never executed
branch  4 never executed
branch  5 never executed
branch  6 never executed
branch  7 never executed
branch  8 never executed
branch  9 never executed
branch 10 never executed
branch 11 never executed
branch 12 never executed
branch 13 never executed
branch 14 never executed
branch 15 never executed
branch 16 never executed
branch 17 never executed
branch 18 never executed
branch 19 never executed
branch 20 never executed
        -:  706:    {
        -:  707:    case adventurer:
    #####:  708:        while(drawntreasure<2) {
branch  0 never executed
branch  1 never executed
    #####:  709:            if (state->deckCount[currentPlayer] <1) { //if the deck is empty we need to shuffle discard and add to deck
branch  0 never executed
branch  1 never executed
    #####:  710:                shuffle(currentPlayer, state);
    #####:  711:            }
    #####:  712:            drawCard(currentPlayer, state);
    #####:  713:            cardDrawn = state->hand[currentPlayer][state->handCount[currentPlayer]-1];//top card of hand is most recently drawn card.
    #####:  714:            if (cardDrawn == copper || cardDrawn == silver || cardDrawn == gold)
branch  0 never executed
branch  1 never executed
branch  2 never executed
branch  3 never executed
branch  4 never executed
branch  5 never executed
    #####:  715:                drawntreasure++;
        -:  716:            else {
    #####:  717:                temphand[z]=cardDrawn;
    #####:  718:                state->handCount[currentPlayer]--; //this should just remove the top card (the most recently drawn one).
    #####:  719:                z++;
        -:  720:            }
        -:  721:        }
    #####:  722:        while(z-1>=0) {
branch  0 never executed
branch  1 never executed
    #####:  723:            state->discard[currentPlayer][state->discardCount[currentPlayer]++]=temphand[z-1]; // discard all cards in play that have been drawn
    #####:  724:            z=z-1;
        -:  725:        }
    #####:  726:        return 0;
        -:  727:
        -:  728:    case council_room:
        -:  729:        //+4 Cards
    #####:  730:        for (i = 0; i < 4; i++)
branch  0 never executed
branch  1 never executed
        -:  731:        {
    #####:  732:            drawCard(currentPlayer, state);
    #####:  733:        }
        -:  734:
        -:  735:        //+1 Buy
    #####:  736:        state->numBuys++;
        -:  737:
        -:  738:        //Each other player draws a card
    #####:  739:        for (i = 0; i < state->numPlayers; i++)
branch  0 never executed
branch  1 never executed
        -:  740:        {
    #####:  741:            if ( i != currentPlayer )
branch  0 never executed
branch  1 never executed
        -:  742:            {
    #####:  743:                drawCard(i, state);
    #####:  744:            }
    #####:  745:        }
        -:  746:
        -:  747:        //put played card in played card pile
    #####:  748:        discardCard(handPos, currentPlayer, state, 0);
        -:  749:
    #####:  750:        return 0;
        -:  751:
        -:  752:    case feast:
        -:  753:        //gain card with cost up to 5
        -:  754:        //Backup hand
    #####:  755:        for (i = 0; i <= state->handCount[currentPlayer]; i++) {
branch  0 never executed
branch  1 never executed
    #####:  756:            temphand[i] = state->hand[currentPlayer][i];//Backup card
    #####:  757:            state->hand[currentPlayer][i] = -1;//Set to nothing
    #####:  758:        }
        -:  759:        //Backup hand
        -:  760:
        -:  761:        //Update Coins for Buy
    #####:  762:        updateCoins(currentPlayer, state, 5);
    #####:  763:        x = 1;//Condition to loop on
    #####:  764:        while( x == 1) {//Buy one card
branch  0 never executed
branch  1 never executed
    #####:  765:            if (supplyCount(choice1, state) <= 0) {
branch  0 never executed
branch  1 never executed
        -:  766:                if (DEBUG)
        -:  767:                    printf("None of that card left, sorry!\n");
        -:  768:
        -:  769:                if (DEBUG) {
        -:  770:                    printf("Cards Left: %d\n", supplyCount(choice1, state));
        -:  771:                }
    #####:  772:            }
    #####:  773:            else if (state->coins < getCost(choice1)) {
branch  0 never executed
branch  1 never executed
    #####:  774:                printf("That card is too expensive!\n");
        -:  775:
        -:  776:                if (DEBUG) {
        -:  777:                    printf("Coins: %d < %d\n", state->coins, getCost(choice1));
        -:  778:                }
    #####:  779:            }
        -:  780:            else {
        -:  781:
        -:  782:                if (DEBUG) {
        -:  783:                    printf("Deck Count: %d\n", state->handCount[currentPlayer] + state->deckCount[currentPlayer] + state->discardCount[currentPlayer]);
        -:  784:                }
        -:  785:
    #####:  786:                gainCard(choice1, state, 0, currentPlayer);//Gain the card
    #####:  787:                x = 0;//No more buying cards
        -:  788:
        -:  789:                if (DEBUG) {
        -:  790:                    printf("Deck Count: %d\n", state->handCount[currentPlayer] + state->deckCount[currentPlayer] + state->discardCount[currentPlayer]);
        -:  791:                }
        -:  792:
        -:  793:            }
        -:  794:        }
        -:  795:
        -:  796:        //Reset Hand
    #####:  797:        for (i = 0; i <= state->handCount[currentPlayer]; i++) {
branch  0 never executed
branch  1 never executed
    #####:  798:            state->hand[currentPlayer][i] = temphand[i];
    #####:  799:            temphand[i] = -1;
    #####:  800:        }
        -:  801:        //Reset Hand
        -:  802:
    #####:  803:        return 0;
        -:  804:
        -:  805:    case gardens:
    #####:  806:        return -1;
        -:  807:
        -:  808:
        -:  809://Refactor Mine
        -:  810:    case mine:
    #####:  811:        refactoredMine(j, i, choice1, choice2, currentPlayer, state, handPos);
        -:  812:
        -:  813:    case remodel:
    #####:  814:        j = state->hand[currentPlayer][choice1];  //store card we will trash
        -:  815:
    #####:  816:        if ( (getCost(state->hand[currentPlayer][choice1]) + 2) > getCost(choice2) )
branch  0 never executed
branch  1 never executed
        -:  817:        {
    #####:  818:            return -1;
        -:  819:        }
        -:  820:
    #####:  821:        gainCard(choice2, state, 0, currentPlayer);
        -:  822:
        -:  823:        //discard card from hand
    #####:  824:        discardCard(handPos, currentPlayer, state, 0);
        -:  825:
        -:  826:        //discard trashed card
    #####:  827:        for (i = 0; i < state->handCount[currentPlayer]; i++)
branch  0 never executed
branch  1 never executed
        -:  828:        {
    #####:  829:            if (state->hand[currentPlayer][i] == j)
branch  0 never executed
branch  1 never executed
        -:  830:            {
    #####:  831:                discardCard(i, currentPlayer, state, 0);
    #####:  832:                break;
        -:  833:            }
    #####:  834:        }
        -:  835:
        -:  836:
    #####:  837:        return 0;
        -:  838:
        -:  839:    case smithy:
        -:  840:        //+3 Cards
    #####:  841:        for (i = 0; i < 3; i++)
branch  0 never executed
branch  1 never executed
        -:  842:        {
    #####:  843:            drawCard(currentPlayer, state);
    #####:  844:        }
        -:  845:
        -:  846:        //discard card from hand
    #####:  847:        discardCard(handPos, currentPlayer, state, 0);
    #####:  848:        return 0;
        -:  849:
        -:  850:    case village:
        -:  851:        //+1 Card
    #####:  852:        drawCard(currentPlayer, state);
        -:  853:
        -:  854:        //+2 Actions
    #####:  855:        state->numActions = state->numActions + 2;
        -:  856:
        -:  857:        //discard played card from hand
    #####:  858:        discardCard(handPos, currentPlayer, state, 0);
    #####:  859:        return 0;
        -:  860:
        -:  861:
        -:  862://Refactor Baron code
        -:  863:    case baron:
    #####:  864:        refactoredBaron(choice1, currentPlayer, state);
        -:  865:
        -:  866:
        -:  867:    case great_hall:
        -:  868:        //+1 Card
    #####:  869:        drawCard(currentPlayer, state);
        -:  870:
        -:  871:        //+1 Actions
    #####:  872:        state->numActions++;
        -:  873:
        -:  874:        //discard card from hand
    #####:  875:        discardCard(handPos, currentPlayer, state, 0);
    #####:  876:        return 0;
        -:  877:
        -:  878:
        -:  879://Refactor Minion
        -:  880:    case minion:
    #####:  881:        refactoredMinion(i, j, choice1, choice2, currentPlayer, state, handPos);
        -:  882:
        -:  883:
        -:  884:    case steward:
    #####:  885:        if (choice1 == 1)
branch  0 never executed
branch  1 never executed
        -:  886:        {
        -:  887:            //+2 cards
    #####:  888:            drawCard(currentPlayer, state);
    #####:  889:            drawCard(currentPlayer, state);
    #####:  890:        }
    #####:  891:        else if (choice1 == 2)
branch  0 never executed
branch  1 never executed
        -:  892:        {
        -:  893:            //+2 coins
    #####:  894:            state->coins = state->coins + 2;
    #####:  895:        }
        -:  896:        else
        -:  897:        {
        -:  898:            //trash 2 cards in hand
    #####:  899:            discardCard(choice2, currentPlayer, state, 1);
    #####:  900:            discardCard(choice3, currentPlayer, state, 1);
        -:  901:        }
        -:  902:
        -:  903:        //discard card from hand
    #####:  904:        discardCard(handPos, currentPlayer, state, 0);
    #####:  905:        return 0;
        -:  906:
        -:  907:
        -:  908://Refactor Tribute
        -:  909:    case tribute:
    #####:  910:        refactoredTribute(i, tributeRevealedCards, currentPlayer, nextPlayer, state);
        -:  911:
        -:  912:
        -:  913://Refactor Ambassador
        -:  914:    case ambassador:
    #####:  915:      refactoredAmbassador(j, i, choice1, choice2, currentPlayer, state, handPos);
        -:  916:
        -:  917:
        -:  918:    case cutpurse:
        -:  919:
    #####:  920:        updateCoins(currentPlayer, state, 2);
    #####:  921:        for (i = 0; i < state->numPlayers; i++)
branch  0 never executed
branch  1 never executed
        -:  922:        {
    #####:  923:            if (i != currentPlayer)
branch  0 never executed
branch  1 never executed
        -:  924:            {
    #####:  925:                for (j = 0; j < state->handCount[i]; j++)
branch  0 never executed
branch  1 never executed
        -:  926:                {
    #####:  927:                    if (state->hand[i][j] == copper)
branch  0 never executed
branch  1 never executed
        -:  928:                    {
    #####:  929:                        discardCard(j, i, state, 0);
    #####:  930:                        break;
        -:  931:                    }
    #####:  932:                    if (j == state->handCount[i])
branch  0 never executed
branch  1 never executed
        -:  933:                    {
    #####:  934:                        for (k = 0; k < state->handCount[i]; k++)
branch  0 never executed
branch  1 never executed
        -:  935:                        {
        -:  936:                            if (DEBUG)
        -:  937:                                printf("Player %d reveals card number %d\n", i, state->hand[i][k]);
    #####:  938:                        }
    #####:  939:                        break;
        -:  940:                    }
    #####:  941:                }
        -:  942:
    #####:  943:            }
        -:  944:
    #####:  945:        }
        -:  946:
        -:  947:        //discard played card from hand
    #####:  948:        discardCard(handPos, currentPlayer, state, 0);
        -:  949:
    #####:  950:        return 0;
        -:  951:
        -:  952:
        -:  953:    case embargo:
        -:  954:        //+2 Coins
    #####:  955:        state->coins = state->coins + 2;
        -:  956:
        -:  957:        //see if selected pile is in play
    #####:  958:        if ( state->supplyCount[choice1] == -1 )
branch  0 never executed
branch  1 never executed
        -:  959:        {
    #####:  960:            return -1;
        -:  961:        }
        -:  962:
        -:  963:        //add embargo token to selected supply pile
    #####:  964:        state->embargoTokens[choice1]++;
        -:  965:
        -:  966:        //trash card
    #####:  967:        discardCard(handPos, currentPlayer, state, 1);
    #####:  968:        return 0;
        -:  969:
        -:  970:    case outpost:
        -:  971:        //set outpost flag
    #####:  972:        state->outpostPlayed++;
        -:  973:
        -:  974:        //discard card
    #####:  975:        discardCard(handPos, currentPlayer, state, 0);
    #####:  976:        return 0;
        -:  977:
        -:  978:    case salvager:
        -:  979:        //+1 buy
    #####:  980:        state->numBuys++;
        -:  981:
    #####:  982:        if (choice1)
branch  0 never executed
branch  1 never executed
        -:  983:        {
        -:  984:            //gain coins equal to trashed card
    #####:  985:            state->coins = state->coins + getCost( handCard(choice1, state) );
        -:  986:            //trash card
    #####:  987:            discardCard(choice1, currentPlayer, state, 1);
    #####:  988:        }
        -:  989:
        -:  990:        //discard card
    #####:  991:        discardCard(handPos, currentPlayer, state, 0);
    #####:  992:        return 0;
        -:  993:
        -:  994:    case sea_hag:
    #####:  995:        for (i = 0; i < state->numPlayers; i++) {
branch  0 never executed
branch  1 never executed
    #####:  996:            if (i != currentPlayer) {
branch  0 never executed
branch  1 never executed
    #####:  997:                state->discard[i][state->discardCount[i]] = state->deck[i][state->deckCount[i]--];
    #####:  998:                state->deckCount[i]--;
    #####:  999:                state->discardCount[i]++;
    #####: 1000:                state->deck[i][state->deckCount[i]--] = curse;//Top card now a curse
    #####: 1001:            }
    #####: 1002:        }
    #####: 1003:        return 0;
        -: 1004:
        -: 1005:    case treasure_map:
        -: 1006:        //search hand for another treasure_map
    #####: 1007:        index = -1;
    #####: 1008:        for (i = 0; i < state->handCount[currentPlayer]; i++)
branch  0 never executed
branch  1 never executed
        -: 1009:        {
    #####: 1010:            if (state->hand[currentPlayer][i] == treasure_map && i != handPos)
branch  0 never executed
branch  1 never executed
branch  2 never executed
branch  3 never executed
        -: 1011:            {
    #####: 1012:                index = i;
    #####: 1013:                break;
        -: 1014:            }
    #####: 1015:        }
    #####: 1016:        if (index > -1)
branch  0 never executed
branch  1 never executed
        -: 1017:        {
        -: 1018:            //trash both treasure cards
    #####: 1019:            discardCard(handPos, currentPlayer, state, 1);
    #####: 1020:            discardCard(index, currentPlayer, state, 1);
        -: 1021:
        -: 1022:            //gain 4 Gold cards
    #####: 1023:            for (i = 0; i < 4; i++)
branch  0 never executed
branch  1 never executed
        -: 1024:            {
    #####: 1025:                gainCard(gold, state, 1, currentPlayer);
    #####: 1026:            }
        -: 1027:
        -: 1028:            //return success
    #####: 1029:            return 1;
        -: 1030:        }
        -: 1031:
        -: 1032:        //no second treasure_map found in hand
    #####: 1033:        return -1;
        -: 1034:    }
        -: 1035:
    #####: 1036:    return -1;
    #####: 1037:}
        -: 1038:
function discardCard called 6 returned 100% blocks executed 90%
        -: 1039:int discardCard(int handPos, int currentPlayer, struct gameState *state, int trashFlag)
        -: 1040:{
        -: 1041:
        -: 1042:    //if card is not trashed, added to Played pile
        6: 1043:    if (trashFlag < 1)
branch  0 taken 100%
branch  1 taken 0%
        -: 1044:    {
        -: 1045:        //add card to played pile
        6: 1046:        state->playedCards[state->playedCardCount] = state->hand[currentPlayer][handPos];
        6: 1047:        state->playedCardCount++;
        6: 1048:    }
        -: 1049:
        -: 1050:    //set played card to -1
        6: 1051:    state->hand[currentPlayer][handPos] = -1;
        -: 1052:
        -: 1053:    //remove card from player's hand
        6: 1054:    if ( handPos == (state->handCount[currentPlayer] - 1) ) 	//last card in hand array is played
branch  0 taken 17%
branch  1 taken 83%
        -: 1055:    {
        -: 1056:        //reduce number of cards in hand
        1: 1057:        state->handCount[currentPlayer]--;
        1: 1058:    }
        5: 1059:    else if ( state->handCount[currentPlayer] == 1 ) //only one card in hand
branch  0 taken 0%
branch  1 taken 100%
        -: 1060:    {
        -: 1061:        //reduce number of cards in hand
    #####: 1062:        state->handCount[currentPlayer]--;
    #####: 1063:    }
        -: 1064:    else
        -: 1065:    {
        -: 1066:        //replace discarded card with last card in hand
        5: 1067:        state->hand[currentPlayer][handPos] = state->hand[currentPlayer][ (state->handCount[currentPlayer] - 1)];
        -: 1068:        //set last card to -1
        5: 1069:        state->hand[currentPlayer][state->handCount[currentPlayer] - 1] = -1;
        -: 1070:        //reduce number of cards in hand
        5: 1071:        state->handCount[currentPlayer]--;
        -: 1072:    }
        -: 1073:
        6: 1074:    return 0;
        -: 1075:}
        -: 1076:
function gainCard called 3 returned 100% blocks executed 72%
        -: 1077:int gainCard(int supplyPos, struct gameState *state, int toFlag, int player)
        -: 1078:{
        -: 1079:    //Note: supplyPos is enum of choosen card
        -: 1080:
        -: 1081:    //check if supply pile is empty (0) or card is not used in game (-1)
        3: 1082:    if ( supplyCount(supplyPos, state) < 1 )
branch  0 taken 0%
branch  1 taken 100%
        -: 1083:    {
    #####: 1084:        return -1;
        -: 1085:    }
        -: 1086:
        -: 1087:    //added card for [whoseTurn] current player:
        -: 1088:    // toFlag = 0 : add to discard
        -: 1089:    // toFlag = 1 : add to deck
        -: 1090:    // toFlag = 2 : add to hand
        -: 1091:
        3: 1092:    if (toFlag == 1)
branch  0 taken 0%
branch  1 taken 100%
        -: 1093:    {
    #####: 1094:        state->deck[ player ][ state->deckCount[player] ] = supplyPos;
    #####: 1095:        state->deckCount[player]++;
    #####: 1096:    }
        3: 1097:    else if (toFlag == 2)
branch  0 taken 0%
branch  1 taken 100%
        -: 1098:    {
    #####: 1099:        state->hand[ player ][ state->handCount[player] ] = supplyPos;
    #####: 1100:        state->handCount[player]++;
    #####: 1101:    }
        -: 1102:    else
        -: 1103:    {
        3: 1104:        state->discard[player][ state->discardCount[player] ] = supplyPos;
        3: 1105:        state->discardCount[player]++;
        -: 1106:    }
        -: 1107:
        -: 1108:    //decrease number in supply pile
        3: 1109:    state->supplyCount[supplyPos]--;
        -: 1110:
        3: 1111:    return 0;
        3: 1112:}
        -: 1113:
function updateCoins called 4 returned 100% blocks executed 85%
        -: 1114:int updateCoins(int player, struct gameState *state, int bonus)
        -: 1115:{
        -: 1116:    int i;
        -: 1117:
        -: 1118:    //reset coin count
        4: 1119:    state->coins = 0;
        -: 1120:
        -: 1121:    //add coins for each Treasure card in player's hand
       48: 1122:    for (i = 0; i < state->handCount[player]; i++)
branch  0 taken 83%
branch  1 taken 17%
        -: 1123:    {
       20: 1124:        if (state->hand[player][i] == copper)
branch  0 taken 80%
branch  1 taken 20%
        -: 1125:        {
       16: 1126:            state->coins += 1;
       16: 1127:        }
        4: 1128:        else if (state->hand[player][i] == silver)
branch  0 taken 0%
branch  1 taken 100%
        -: 1129:        {
    #####: 1130:            state->coins += 2;
    #####: 1131:        }
        4: 1132:        else if (state->hand[player][i] == gold)
branch  0 taken 0%
branch  1 taken 100%
        -: 1133:        {
    #####: 1134:            state->coins += 3;
    #####: 1135:        }
       20: 1136:    }
        -: 1137:
        -: 1138:    //add bonus
        4: 1139:    state->coins += bonus;
        -: 1140:
        4: 1141:    return 0;
        -: 1142:}
        -: 1143:
        -: 1144:
        -: 1145://refactord code
        -: 1146:
function refactoredBaron called 4 returned 100% blocks executed 96%
        -: 1147:int refactoredBaron (int choice1, int currentPlayer, struct gameState *state) {
        -: 1148:
        -: 1149:  //state->numBuys++;//Increase buys by 1!
        4: 1150:  state->numBuys = state->numBuys;
        4: 1151:  if (choice1 > 0) { //Boolean true or going to discard an estate
branch  0 taken 50%
branch  1 taken 50%
        2: 1152:      int p = 0;//Iterator for hand!
        2: 1153:      int card_not_discarded = 1;//Flag for discard set!
       18: 1154:      while(card_not_discarded) {
branch  0 taken 78%
branch  1 taken 22%
        7: 1155:          if (state->hand[currentPlayer][p] == estate) { //Found an estate card!
branch  0 taken 14%
branch  1 taken 86%
        1: 1156:              state->coins += 4;//Add 4 coins to the amount of coins
        1: 1157:              state->discard[currentPlayer][state->discardCount[currentPlayer]] = state->hand[currentPlayer][p];
        1: 1158:              state->discardCount[currentPlayer]++;
       12: 1159:              for (; p < state->handCount[currentPlayer]; p++) {
branch  0 taken 83%
branch  1 taken 17%
        5: 1160:                  state->hand[currentPlayer][p] = state->hand[currentPlayer][p+1];
        5: 1161:              }
        1: 1162:              state->hand[currentPlayer][state->handCount[currentPlayer]] = -1;
        1: 1163:              state->handCount[currentPlayer]--;
        1: 1164:              card_not_discarded = 0;//Exit the loop
        1: 1165:          }
        6: 1166:          else if (p > state->handCount[currentPlayer]) {
branch  0 taken 17%
branch  1 taken 83%
        -: 1167:              if(DEBUG) {
        -: 1168:                  printf("No estate cards in your hand, invalid choice\n");
        -: 1169:                  printf("Must gain an estate if there are any\n");
        -: 1170:              }
        1: 1171:              if (supplyCount(estate, state) > 0) {
branch  0 taken 100%
branch  1 taken 0%
        1: 1172:                  gainCard(estate, state, 0, currentPlayer);
        -: 1173:
        1: 1174:                  state->supplyCount[estate]--;//Decrement estates
        1: 1175:                  if (supplyCount(estate, state) == 0) {
branch  0 taken 0%
branch  1 taken 100%
        -: 1176:                      //isGameOver(state);
    #####: 1177:                      printf("No more estate cards left!");
    #####: 1178:                  }
        1: 1179:              }
        1: 1180:              card_not_discarded = 0;//Exit the loop
        1: 1181:          }
        -: 1182:
        -: 1183:          else {
        5: 1184:              p++;//Next card
        -: 1185:          }
        -: 1186:      }
        2: 1187:  }
        -: 1188:
        -: 1189:  else {
        2: 1190:      if (supplyCount(estate, state) > 0) {
branch  0 taken 100%
branch  1 taken 0%
        2: 1191:          gainCard(estate, state, 0, currentPlayer);//Gain an estate
        -: 1192:
        2: 1193:          state->supplyCount[estate]--;//Decrement Estates
        2: 1194:          if (supplyCount(estate, state) == 0) {
branch  0 taken 50%
branch  1 taken 50%
        1: 1195:              isGameOver(state);
        1: 1196:          }
        2: 1197:      }
        -: 1198:  }
        -: 1199:
        4: 1200:  return 0;
        -: 1201:
        -: 1202:}
        -: 1203:
        -: 1204:
function refactoredMinion called 2 returned 100% blocks executed 72%
        -: 1205:int refactoredMinion(int i, int j, int choice1, int choice2, int currentPlayer, struct gameState *state, int handPos) {
        -: 1206:  //+1 action
        2: 1207:  state->numActions++;
        -: 1208:
        -: 1209:  //discard card from hand
        2: 1210:  discardCard(handPos, currentPlayer, state, 0);
        -: 1211:
        2: 1212:if (choice1)
branch  0 taken 50%
branch  1 taken 50%
        -: 1213:  {
        -: 1214:      //state->coins = state->coins + 2;
        1: 1215:      state->coins = state->coins + 3;
        1: 1216:  }
        -: 1217:
        1: 1218:  else if (choice2)		//discard hand, redraw 4, other players with 5+ cards discard hand and draw 4
branch  0 taken 100%
branch  1 taken 0%
        -: 1219:  {
        -: 1220:      //discard hand
        8: 1221:      while(numHandCards(state) > 0)
branch  0 taken 75%
branch  1 taken 25%
        -: 1222:      {
        3: 1223:          discardCard(handPos, currentPlayer, state, 0);
        -: 1224:      }
        -: 1225:
        -: 1226:      //draw 4
       10: 1227:      for (i = 0; i < 4; i++)
branch  0 taken 80%
branch  1 taken 20%
        -: 1228:      {
        4: 1229:          drawCard(currentPlayer, state);
        4: 1230:      }
        -: 1231:
        -: 1232:      //other players discard hand and redraw if hand size > 4
        6: 1233:      for (i = 0; i < state->numPlayers; i++)
branch  0 taken 67%
branch  1 taken 33%
        -: 1234:      {
        2: 1235:          if (i != currentPlayer)
branch  0 taken 50%
branch  1 taken 50%
        -: 1236:          {
        -: 1237:              //if ( state->handCount[i] > 4 )
        1: 1238:              if ( state->handCount[i] > 5 )
branch  0 taken 0%
branch  1 taken 100%
        -: 1239:              {
        -: 1240:                  //discard hand
    #####: 1241:                  while( state->handCount[i] > 0 )
branch  0 never executed
branch  1 never executed
        -: 1242:                  {
    #####: 1243:                      discardCard(handPos, i, state, 0);
        -: 1244:                  }
        -: 1245:
        -: 1246:                  //draw 4
    #####: 1247:                  for (j = 0; j < 4; j++)
branch  0 never executed
branch  1 never executed
        -: 1248:                  {
    #####: 1249:                      drawCard(i, state);
    #####: 1250:                  }
    #####: 1251:              }
        1: 1252:          }
        2: 1253:      }
        -: 1254:
        1: 1255:  }
        2: 1256:  return 0;
        -: 1257:
        -: 1258:}
        -: 1259:
        -: 1260:
        -: 1261:
        -: 1262://line 914
function refactoredAmbassador called 1 returned 100% blocks executed 84%
        -: 1263:int refactoredAmbassador(int j, int i, int choice1, int choice2, int currentPlayer, struct gameState *state, int handPos) {
        1: 1264:  j = 0;		//used to check if player has enough cards to discard
        -: 1265:
        2: 1266:  if (choice2 > 2 || choice2 < 0)
branch  0 taken 100%
branch  1 taken 0%
branch  2 taken 0%
branch  3 taken 100%
        -: 1267:  {
    #####: 1268:      return -1;
        -: 1269:  }
        -: 1270:
        1: 1271:  if (choice1 == handPos)
branch  0 taken 0%
branch  1 taken 100%
        -: 1272:  {
    #####: 1273:      return -1;
        -: 1274:  }
        -: 1275:
       12: 1276:  for (i = 0; i < state->handCount[currentPlayer]; i++)
branch  0 taken 83%
branch  1 taken 17%
        -: 1277:  {
        -: 1278:      /*if (i != handPos && i == state->hand[currentPlayer][choice1] && i != choice1)*/
        9: 1279:      if (i != handPos && state->hand[currentPlayer][i] == state->hand[currentPlayer][choice1])
branch  0 taken 80%
branch  1 taken 20%
branch  2 taken 50%
branch  3 taken 50%
        -: 1280:      {
        2: 1281:        j++;
        2: 1282:      }
        5: 1283:  }
        -: 1284:
        1: 1285:  if (j < choice2)
branch  0 taken 0%
branch  1 taken 100%
        -: 1286:  {
    #####: 1287:      return -1;
        -: 1288:  }
        -: 1289:
        -: 1290:  if (DEBUG)
        -: 1291:      printf("Player %d reveals card number: %d\n", currentPlayer, state->hand[currentPlayer][choice1]);
        -: 1292:
        -: 1293:  //increase supply count for choosen card by amount being discarded
        -: 1294:  //state->supplyCount[state->hand[currentPlayer][choice1]] += choice2;
        1: 1295:  state->supplyCount[state->hand[currentPlayer][choice1]] -= choice2;
        -: 1296:
        -: 1297:  //each other player gains a copy of revealed card
        -: 1298:  //for (i = 0; i < state->numPlayers; i++)
        4: 1299:  for (i = 1; i < state->numPlayers; i++)
branch  0 taken 50%
branch  1 taken 50%
        -: 1300:  {
        1: 1301:      if (i != currentPlayer)
branch  0 taken 0%
branch  1 taken 100%
        -: 1302:      {
    #####: 1303:          gainCard(state->hand[currentPlayer][choice1], state, 0, i);
    #####: 1304:      }
        1: 1305:  }
        -: 1306:
        -: 1307:  //discard played card from hand
        1: 1308:  discardCard(handPos, currentPlayer, state, 0);
        -: 1309:
        -: 1310:  //trash copies of cards returned to supply
        6: 1311:  for (j = 0; j < choice2; j++)
branch  0 taken 67%
branch  1 taken 33%
        -: 1312:  {
       20: 1313:      for (i = 0; i < state->handCount[currentPlayer]; i++)
branch  0 taken 80%
branch  1 taken 20%
        -: 1314:      {
        8: 1315:          if (state->hand[currentPlayer][i] == state->hand[currentPlayer][choice1])
branch  0 taken 0%
branch  1 taken 100%
        -: 1316:          {
    #####: 1317:              discardCard(i, currentPlayer, state, 1);
    #####: 1318:              break;
        -: 1319:          }
        8: 1320:      }
        2: 1321:  }
        -: 1322:
        1: 1323:  return 0;
        1: 1324:}
        -: 1325:
        -: 1326:
        -: 1327://line 909
function refactoredTribute called 3 returned 100% blocks executed 80%
        -: 1328:int refactoredTribute(int i, int tributeRevealedCards[], int currentPlayer, int nextPlayer, struct gameState *state) {
        3: 1329:  if ((state->discardCount[nextPlayer] + state->deckCount[nextPlayer]) <= 1) {
branch  0 taken 33%
branch  1 taken 67%
        1: 1330:      if (state->deckCount[nextPlayer] > 0) {
branch  0 taken 0%
branch  1 taken 100%
    #####: 1331:          tributeRevealedCards[0] = state->deck[nextPlayer][state->deckCount[nextPlayer]-1];
    #####: 1332:          state->deckCount[nextPlayer]--;
    #####: 1333:      }
        1: 1334:      else if (state->discardCount[nextPlayer] > 0) {
branch  0 taken 0%
branch  1 taken 100%
    #####: 1335:          tributeRevealedCards[0] = state->discard[nextPlayer][state->discardCount[nextPlayer]-1];
    #####: 1336:          state->discardCount[nextPlayer]--;
    #####: 1337:      }
        -: 1338:      else {
        1: 1339:          printf("No cards to reveal\n");
        -: 1340:          //No Card to Reveal
        -: 1341:          if (DEBUG) {
        -: 1342:              printf("No cards to reveal\n");
        -: 1343:          }
        -: 1344:      }
        1: 1345:  }
        -: 1346:
        -: 1347:  else { //tribute
        -: 1348:
        2: 1349:      if (state->deckCount[nextPlayer] == 0) {
branch  0 taken 0%
branch  1 taken 100%
    #####: 1350:          for (i = 0; i < state->discardCount[nextPlayer]; i++) {
branch  0 never executed
branch  1 never executed
    #####: 1351:              state->deck[nextPlayer][i] = state->discard[nextPlayer][i];//Move to deck
    #####: 1352:              state->deckCount[nextPlayer]++;
    #####: 1353:              state->discard[nextPlayer][i] = -1;
    #####: 1354:              state->discardCount[nextPlayer]--;
    #####: 1355:          }
        -: 1356:
    #####: 1357:          shuffle(nextPlayer,state);//Shuffle the deck
    #####: 1358:      }
        -: 1359:
        2: 1360:      tributeRevealedCards[0] = state->deck[nextPlayer][state->deckCount[nextPlayer]-1];
        2: 1361:      state->deck[nextPlayer][state->deckCount[nextPlayer]--] = -1;
        -: 1362:      //state->deckCount[nextPlayer]--;
        2: 1363:      state->deckCount[nextPlayer]++;
        -: 1364:      //state->discardCount[nextPlayer]--;
        2: 1365:      tributeRevealedCards[1] = state->deck[nextPlayer][state->deckCount[nextPlayer]-2];
        2: 1366:      state->deck[nextPlayer][state->deckCount[nextPlayer]--] = -1;
        2: 1367:      state->deckCount[nextPlayer]--;
        -: 1368:      //state->discardCount[nextPlayer]--;
        -: 1369:  }
        -: 1370:
        3: 1371:  if (tributeRevealedCards[0] == tributeRevealedCards[1]) { //If we have a duplicate card, just drop one
branch  0 taken 33%
branch  1 taken 67%
        1: 1372:      state->playedCards[state->playedCardCount] = tributeRevealedCards[1];
        1: 1373:      state->playedCardCount++;
        1: 1374:      tributeRevealedCards[1] = -1;
        1: 1375:  }
        -: 1376:
        3: 1377:  printf("Tribure: Cards: %d, %d\n", tributeRevealedCards[0], tributeRevealedCards[1]);
        -: 1378:
       24: 1379:  for (i = 0; i <= 2; i ++) {
branch  0 taken 75%
branch  1 taken 25%
       25: 1380:      if (tributeRevealedCards[i] == copper || tributeRevealedCards[i] == silver || tributeRevealedCards[i] == gold) { //Treasure cards
branch  0 taken 89%
branch  1 taken 11%
branch  2 taken 100%
branch  3 taken 0%
branch  4 taken 0%
branch  5 taken 100%
        1: 1381:          state->coins += 2;
        1: 1382:      }
        -: 1383:
       39: 1384:      else if (tributeRevealedCards[i] == estate || tributeRevealedCards[i] == duchy || tributeRevealedCards[i] == province || tributeRevealedCards[i] == gardens || tributeRevealedCards[i] == great_hall) { //Victory Card Found
branch  0 taken 100%
branch  1 taken 0%
branch  2 taken 100%
branch  3 taken 0%
branch  4 taken 100%
branch  5 taken 0%
branch  6 taken 88%
branch  7 taken 13%
branch  8 taken 0%
branch  9 taken 100%
        1: 1385:          drawCard(currentPlayer, state);
        1: 1386:          drawCard(currentPlayer, state);
        1: 1387:      }
        -: 1388:      else { //Action Card
        7: 1389:          state->numActions = state->numActions + 2;
        -: 1390:      }
        9: 1391:  }
        -: 1392:
        3: 1393:  return 0;
        -: 1394:}
        -: 1395:
        -: 1396:
function refactoredMine called 0 returned 0% blocks executed 0%
        -: 1397:int refactoredMine(int j, int i, int choice1, int choice2, int currentPlayer, struct gameState *state, int handPos) {
    #####: 1398:  j = state->hand[currentPlayer][choice1];  //store card we will trash
        -: 1399:
    #####: 1400:  if (state->hand[currentPlayer][choice1] < copper || state->hand[currentPlayer][choice1] > gold)
branch  0 never executed
branch  1 never executed
branch  2 never executed
branch  3 never executed
        -: 1401:  {
    #####: 1402:      return -1;
        -: 1403:  }
        -: 1404:
    #####: 1405:  if (choice2 > treasure_map || choice2 < curse)
branch  0 never executed
branch  1 never executed
branch  2 never executed
branch  3 never executed
        -: 1406:  {
    #####: 1407:      return -1;
        -: 1408:  }
        -: 1409:
        -: 1410:  //if ( (getCost(state->hand[currentPlayer][choice1]) + 3) > getCost(choice2) )
    #####: 1411:  if ( (getCost(state->hand[currentPlayer][choice1]) + 4) > getCost(choice2) )
branch  0 never executed
branch  1 never executed
        -: 1412:  {
    #####: 1413:      return -1;
        -: 1414:  }
        -: 1415:
    #####: 1416:  gainCard(choice2, state, 2, currentPlayer);
    #####: 1417:  gainCard(choice2, state, 2, currentPlayer+1);
        -: 1418:
        -: 1419:  //discard card from hand
    #####: 1420:  discardCard(handPos, currentPlayer, state, 0);
        -: 1421:
        -: 1422:  //discard trashed card
        -: 1423:  //for (i = 0; i < state->handCount[currentPlayer]; i++)
    #####: 1424:  for (i = 0; i < state->handCount[currentPlayer]; i++)
branch  0 never executed
branch  1 never executed
        -: 1425:  {
    #####: 1426:      if (state->hand[currentPlayer][i] == j)
branch  0 never executed
branch  1 never executed
        -: 1427:      {
    #####: 1428:          discardCard(i, currentPlayer, state, 0);
    #####: 1429:          break;
        -: 1430:      }
    #####: 1431:  }
        -: 1432:
    #####: 1433:  return 0;
    #####: 1434:}
        -: 1435:
        -: 1436://end of dominion.c
        -: 1437:
function testOne called 0 returned 0% blocks executed 0%
        -: 1438:void testOne() {
    #####: 1439:  printf ("Hello, world!");
    #####: 1440:};
