        -:    0:Source:dominion.c
        -:    0:Graph:dominion.gcno
        -:    0:Data:dominion.gcda
        -:    0:Runs:8
        -:    0:Programs:1
        -:    1:#include "dominion.h"
        -:    2:#include "dominion_helpers.h"
        -:    3:#include "rngs.h"
        -:    4:#include <stdio.h>
        -:    5:#include <math.h>
        -:    6:#include <stdlib.h>
        -:    7:
function compare called 248170533 returned 100% blocks executed 100%
        -:    8:int compare(const void* a, const void* b) {
248170533:    9:    if (*(int*)a > *(int*)b)
branch  0 taken 1%
branch  1 taken 99%
        1:   10:        return 1;
248170532:   11:    if (*(int*)a < *(int*)b)
branch  0 taken 36%
branch  1 taken 64%
 88592656:   12:        return -1;
159577876:   13:    return 0;
248170533:   14:}
        -:   15:
function newGame called 0 returned 0% blocks executed 0%
        -:   16:struct gameState* newGame() {
    #####:   17:    struct gameState* g = malloc(sizeof(struct gameState));
    #####:   18:    return g;
        -:   19:}
        -:   20:
function kingdomCards called 13084117 returned 100% blocks executed 100%
        -:   21:int* kingdomCards(int k1, int k2, int k3, int k4, int k5, int k6, int k7,
        -:   22:                  int k8, int k9, int k10) {
 13084117:   23:    int* k = malloc(10 * sizeof(int));
 13084117:   24:    k[0] = k1;
 13084117:   25:    k[1] = k2;
 13084117:   26:    k[2] = k3;
 13084117:   27:    k[3] = k4;
 13084117:   28:    k[4] = k5;
 13084117:   29:    k[5] = k6;
 13084117:   30:    k[6] = k7;
 13084117:   31:    k[7] = k8;
 13084117:   32:    k[8] = k9;
 13084117:   33:    k[9] = k10;
 13084117:   34:    return k;
        -:   35:}
        -:   36:
function initializeGame called 7874086 returned 100% blocks executed 97%
        -:   37:int initializeGame(int numPlayers, int kingdomCards[10], int randomSeed,
        -:   38:                   struct gameState *state) {
        -:   39:    int i;
        -:   40:    int j;
        -:   41:    int it;
        -:   42:
        -:   43:    //set up random number generator
  7874086:   44:    SelectStream(1);
  7874086:   45:    PutSeed((long)randomSeed);
        -:   46:
        -:   47:    //check number of players
 15748172:   48:    if (numPlayers > MAX_PLAYERS || numPlayers < 2)
branch  0 taken 100%
branch  1 taken 0%
branch  2 taken 25%
branch  3 taken 75%
        -:   49:    {
  1968196:   50:        return -1;
        -:   51:    }
        -:   52:
        -:   53:    //set number of players
  5905890:   54:    state->numPlayers = numPlayers;
        -:   55:
        -:   56:    //check selected kingdom cards are different
129929580:   57:    for (i = 0; i < 10; i++)
branch  0 taken 91%
branch  1 taken 9%
        -:   58:    {
1299295800:   59:        for (j = 0; j < 10; j++)
branch  0 taken 91%
branch  1 taken 9%
        -:   60:        {
1122119100:   61:            if (j != i && kingdomCards[j] == kingdomCards[i])
branch  0 taken 90%
branch  1 taken 10%
branch  2 taken 0%
branch  3 taken 100%
        -:   62:            {
    #####:   63:                return -1;
        -:   64:            }
590589000:   65:        }
 59058900:   66:    }
        -:   67:
        -:   68:
        -:   69:    //initialize supply
        -:   70:    ///////////////////////////////
        -:   71:
        -:   72:    //set number of Curse cards
  5905890:   73:    if (numPlayers == 2)
branch  0 taken 33%
branch  1 taken 67%
        -:   74:    {
  1969166:   75:        state->supplyCount[curse] = 10;
  1969166:   76:    }
  3936724:   77:    else if (numPlayers == 3)
branch  0 taken 50%
branch  1 taken 50%
        -:   78:    {
  1966697:   79:        state->supplyCount[curse] = 20;
  1966697:   80:    }
        -:   81:    else
        -:   82:    {
  1970027:   83:        state->supplyCount[curse] = 30;
        -:   84:    }
        -:   85:
        -:   86:    //set number of Victory cards
  5905890:   87:    if (numPlayers == 2)
branch  0 taken 33%
branch  1 taken 67%
        -:   88:    {
  1969166:   89:        state->supplyCount[estate] = 8;
  1969166:   90:        state->supplyCount[duchy] = 8;
  1969166:   91:        state->supplyCount[province] = 8;
  1969166:   92:    }
        -:   93:    else
        -:   94:    {
  3936724:   95:        state->supplyCount[estate] = 12;
  3936724:   96:        state->supplyCount[duchy] = 12;
  3936724:   97:        state->supplyCount[province] = 12;
        -:   98:    }
        -:   99:
        -:  100:    //set number of Treasure cards
  5905890:  101:    state->supplyCount[copper] = 60 - (7 * numPlayers);
  5905890:  102:    state->supplyCount[silver] = 40;
  5905890:  103:    state->supplyCount[gold] = 30;
        -:  104:
        -:  105:    //set number of Kingdom cards
248047380:  106:    for (i = adventurer; i <= treasure_map; i++)       	//loop all cards
branch  0 taken 95%
branch  1 taken 5%
        -:  107:    {
2480473800:  108:        for (j = 0; j < 10; j++)           		//loop chosen cards
branch  0 taken 92%
branch  1 taken 8%
        -:  109:        {
1145742660:  110:            if (kingdomCards[j] == i)
branch  0 taken 2%
branch  1 taken 98%
        -:  111:            {
        -:  112:                //check if card is a 'Victory' Kingdom card
 47247120:  113:                if (kingdomCards[j] == great_hall || kingdomCards[j] == gardens)
branch  0 taken 100%
branch  1 taken 0%
branch  2 taken 25%
branch  3 taken 75%
        -:  114:                {
  5905890:  115:                    if (numPlayers == 2) {
branch  0 taken 33%
branch  1 taken 67%
  1969166:  116:                        state->supplyCount[i] = 8;
  1969166:  117:                    }
        -:  118:                    else {
  3936724:  119:                        state->supplyCount[i] = 12;
        -:  120:                    }
  5905890:  121:                }
        -:  122:                else
        -:  123:                {
 17717670:  124:                    state->supplyCount[i] = 10;
        -:  125:                }
 23623560:  126:                break;
        -:  127:            }
        -:  128:            else    //card is not in the set choosen for the game
        -:  129:            {
1122119100:  130:                state->supplyCount[i] = -1;
        -:  131:            }
1122119100:  132:        }
        -:  133:
118117800:  134:    }
        -:  135:
        -:  136:    ////////////////////////
        -:  137:    //supply intilization complete
        -:  138:
        -:  139:    //set player decks
 47248842:  140:    for (i = 0; i < numPlayers; i++)
branch  0 taken 75%
branch  1 taken 25%
        -:  141:    {
 17718531:  142:        state->deckCount[i] = 0;
141748248:  143:        for (j = 0; j < 3; j++)
branch  0 taken 75%
branch  1 taken 25%
        -:  144:        {
 53155593:  145:            state->deck[i][j] = estate;
 53155593:  146:            state->deckCount[i]++;
 53155593:  147:        }
283496496:  148:        for (j = 3; j < 10; j++)
branch  0 taken 88%
branch  1 taken 13%
        -:  149:        {
124029717:  150:            state->deck[i][j] = copper;
124029717:  151:            state->deckCount[i]++;
124029717:  152:        }
 17718531:  153:    }
        -:  154:
        -:  155:    //shuffle player decks
 47248842:  156:    for (i = 0; i < numPlayers; i++)
branch  0 taken 75%
branch  1 taken 25%
        -:  157:    {
 17718531:  158:        if ( shuffle(i, state) < 0 )
branch  0 taken 0%
branch  1 taken 100%
        -:  159:        {
    #####:  160:            return -1;
        -:  161:        }
 17718531:  162:    }
        -:  163:
        -:  164:    //draw player hands
 47248842:  165:    for (i = 0; i < numPlayers; i++)
branch  0 taken 75%
branch  1 taken 25%
        -:  166:    {
        -:  167:        //initialize hand size to zero
 17718531:  168:        state->handCount[i] = 0;
 17718531:  169:        state->discardCount[i] = 0;
        -:  170:        //draw 5 cards
        -:  171:        // for (j = 0; j < 5; j++)
        -:  172:        //	{
        -:  173:        //	  drawCard(i, state);
        -:  174:        //	}
 17718531:  175:    }
        -:  176:
        -:  177:    //set embargo tokens to 0 for all supply piles
330729840:  178:    for (i = 0; i <= treasure_map; i++)
branch  0 taken 96%
branch  1 taken 4%
        -:  179:    {
159459030:  180:        state->embargoTokens[i] = 0;
159459030:  181:    }
        -:  182:
        -:  183:    //initialize first player's turn
  5905890:  184:    state->outpostPlayed = 0;
  5905890:  185:    state->phase = 0;
  5905890:  186:    state->numActions = 1;
  5905890:  187:    state->numBuys = 1;
  5905890:  188:    state->playedCardCount = 0;
  5905890:  189:    state->whoseTurn = 0;
  5905890:  190:    state->handCount[state->whoseTurn] = 0;
        -:  191:    //int it; move to top
        -:  192:
        -:  193:    //Moved draw cards to here, only drawing at the start of a turn
 70870680:  194:    for (it = 0; it < 5; it++) {
branch  0 taken 83%
branch  1 taken 17%
 29529450:  195:        drawCard(state->whoseTurn, state);
 29529450:  196:    }
        -:  197:
  5905890:  198:    updateCoins(state->whoseTurn, state, 0);
        -:  199:
  5905890:  200:    return 0;
  7874086:  201:}
        -:  202:
function shuffle called 17829317 returned 100% blocks executed 93%
        -:  203:int shuffle(int player, struct gameState *state) {
        -:  204:
        -:  205:
        -:  206:    int newDeck[MAX_DECK];
 17829317:  207:    int newDeckPos = 0;
        -:  208:    int card;
        -:  209:    int i;
        -:  210:
 17829317:  211:    if (state->deckCount[player] < 1)
branch  0 taken 0%
branch  1 taken 100%
    #####:  212:        return -1;
 17829317:  213:    qsort ((void*)(state->deck[player]), state->deckCount[player], sizeof(int), compare);
        -:  214:    /* SORT CARDS IN DECK TO ENSURE DETERMINISM! */
        -:  215:
390473024:  216:    while (state->deckCount[player] > 0) {
branch  0 taken 91%
branch  1 taken 9%
177407195:  217:        card = floor(Random() * state->deckCount[player]);
177407195:  218:        newDeck[newDeckPos] = state->deck[player][card];
177407195:  219:        newDeckPos++;
1256668320:  220:        for (i = card; i < state->deckCount[player]-1; i++) {
branch  0 taken 72%
branch  1 taken 28%
450926965:  221:            state->deck[player][i] = state->deck[player][i+1];
450926965:  222:        }
177407195:  223:        state->deckCount[player]--;
        -:  224:    }
390473024:  225:    for (i = 0; i < newDeckPos; i++) {
branch  0 taken 91%
branch  1 taken 9%
177407195:  226:        state->deck[player][i] = newDeck[i];
177407195:  227:        state->deckCount[player]++;
177407195:  228:    }
        -:  229:
 17829317:  230:    return 0;
 17829317:  231:}
        -:  232:
function playCard called 0 returned 0% blocks executed 0%
        -:  233:int playCard(int handPos, int choice1, int choice2, int choice3, struct gameState *state)
        -:  234:{
        -:  235:    int card;
    #####:  236:    int coin_bonus = 0; 		//tracks coins gain from actions
        -:  237:
        -:  238:    //check if it is the right phase
    #####:  239:    if (state->phase != 0)
branch  0 never executed
branch  1 never executed
        -:  240:    {
    #####:  241:        return -1;
        -:  242:    }
        -:  243:
        -:  244:    //check if player has enough actions
    #####:  245:    if ( state->numActions < 1 )
branch  0 never executed
branch  1 never executed
        -:  246:    {
    #####:  247:        return -1;
        -:  248:    }
        -:  249:
        -:  250:    //get card played
    #####:  251:    card = handCard(handPos, state);
        -:  252:
        -:  253:    //check if selected card is an action
    #####:  254:    if ( card < adventurer || card > treasure_map )
branch  0 never executed
branch  1 never executed
branch  2 never executed
branch  3 never executed
        -:  255:    {
    #####:  256:        return -1;
        -:  257:    }
        -:  258:
        -:  259:    //play card
    #####:  260:    if ( cardEffect(card, choice1, choice2, choice3, state, handPos, &coin_bonus) < 0 )
branch  0 never executed
branch  1 never executed
        -:  261:    {
    #####:  262:        return -1;
        -:  263:    }
        -:  264:
        -:  265:    //reduce number of actions
    #####:  266:    state->numActions--;
        -:  267:
        -:  268:    //update coins (Treasure cards may be added with card draws)
    #####:  269:    updateCoins(state->whoseTurn, state, coin_bonus);
        -:  270:
    #####:  271:    return 0;
    #####:  272:}
        -:  273:
function buyCard called 0 returned 0% blocks executed 0%
        -:  274:int buyCard(int supplyPos, struct gameState *state) {
        -:  275:    int who;
        -:  276:    if (DEBUG) {
        -:  277:        printf("Entering buyCard...\n");
        -:  278:    }
        -:  279:
        -:  280:    // I don't know what to do about the phase thing.
        -:  281:
    #####:  282:    who = state->whoseTurn;
        -:  283:
    #####:  284:    if (state->numBuys < 1) {
branch  0 never executed
branch  1 never executed
        -:  285:        if (DEBUG)
        -:  286:            printf("You do not have any buys left\n");
    #####:  287:        return -1;
    #####:  288:    } else if (supplyCount(supplyPos, state) <1) {
branch  0 never executed
branch  1 never executed
        -:  289:        if (DEBUG)
        -:  290:            printf("There are not any of that type of card left\n");
    #####:  291:        return -1;
    #####:  292:    } else if (state->coins < getCost(supplyPos)) {
branch  0 never executed
branch  1 never executed
        -:  293:        if (DEBUG)
        -:  294:            printf("You do not have enough money to buy that. You have %d coins.\n", state->coins);
    #####:  295:        return -1;
        -:  296:    } else {
    #####:  297:        state->phase=1;
        -:  298:        //state->supplyCount[supplyPos]--;
    #####:  299:        gainCard(supplyPos, state, 0, who); //card goes in discard, this might be wrong.. (2 means goes into hand, 0 goes into discard)
        -:  300:
    #####:  301:        state->coins = (state->coins) - (getCost(supplyPos));
    #####:  302:        state->numBuys--;
        -:  303:        if (DEBUG)
        -:  304:            printf("You bought card number %d for %d coins. You now have %d buys and %d coins.\n", supplyPos, getCost(supplyPos), state->numBuys, state->coins);
        -:  305:    }
        -:  306:
        -:  307:    //state->discard[who][state->discardCount[who]] = supplyPos;
        -:  308:    //state->discardCount[who]++;
        -:  309:
    #####:  310:    return 0;
    #####:  311:}
        -:  312:
function numHandCards called 2679219 returned 100% blocks executed 100%
        -:  313:int numHandCards(struct gameState *state) {
  2679219:  314:    return state->handCount[ whoseTurn(state) ];
        -:  315:}
        -:  316:
function handCard called 0 returned 0% blocks executed 0%
        -:  317:int handCard(int handPos, struct gameState *state) {
    #####:  318:    int currentPlayer = whoseTurn(state);
    #####:  319:    return state->hand[currentPlayer][handPos];
        -:  320:}
        -:  321:
function supplyCount called 3000013 returned 100% blocks executed 100%
        -:  322:int supplyCount(int card, struct gameState *state) {
  3000013:  323:    return state->supplyCount[card];
        -:  324:}
        -:  325:
function fullDeckCount called 0 returned 0% blocks executed 0%
        -:  326:int fullDeckCount(int player, int card, struct gameState *state) {
        -:  327:    int i;
    #####:  328:    int count = 0;
        -:  329:
    #####:  330:    for (i = 0; i < state->deckCount[player]; i++)
branch  0 never executed
branch  1 never executed
        -:  331:    {
    #####:  332:        if (state->deck[player][i] == card) count++;
branch  0 never executed
branch  1 never executed
    #####:  333:    }
        -:  334:
    #####:  335:    for (i = 0; i < state->handCount[player]; i++)
branch  0 never executed
branch  1 never executed
        -:  336:    {
    #####:  337:        if (state->hand[player][i] == card) count++;
branch  0 never executed
branch  1 never executed
    #####:  338:    }
        -:  339:
    #####:  340:    for (i = 0; i < state->discardCount[player]; i++)
branch  0 never executed
branch  1 never executed
        -:  341:    {
    #####:  342:        if (state->discard[player][i] == card) count++;
branch  0 never executed
branch  1 never executed
    #####:  343:    }
        -:  344:
    #####:  345:    return count;
        -:  346:}
        -:  347:
function whoseTurn called 2679219 returned 100% blocks executed 100%
        -:  348:int whoseTurn(struct gameState *state) {
  2679219:  349:    return state->whoseTurn;
        -:  350:}
        -:  351:
function endTurn called 0 returned 0% blocks executed 0%
        -:  352:int endTurn(struct gameState *state) {
        -:  353:    int k;
        -:  354:    int i;
    #####:  355:    int currentPlayer = whoseTurn(state);
        -:  356:
        -:  357:    //Discard hand
    #####:  358:    for (i = 0; i < state->handCount[currentPlayer]; i++) {
branch  0 never executed
branch  1 never executed
    #####:  359:        state->discard[currentPlayer][state->discardCount[currentPlayer]++] = state->hand[currentPlayer][i];//Discard
    #####:  360:        state->hand[currentPlayer][i] = -1;//Set card to -1
    #####:  361:    }
    #####:  362:    state->handCount[currentPlayer] = 0;//Reset hand count
        -:  363:
        -:  364:    //Code for determining the player
    #####:  365:    if (currentPlayer < (state->numPlayers - 1)) {
branch  0 never executed
branch  1 never executed
    #####:  366:        state->whoseTurn = currentPlayer + 1;//Still safe to increment
    #####:  367:    }
        -:  368:    else {
    #####:  369:        state->whoseTurn = 0;//Max player has been reached, loop back around to player 1
        -:  370:    }
        -:  371:
    #####:  372:    state->outpostPlayed = 0;
    #####:  373:    state->phase = 0;
    #####:  374:    state->numActions = 1;
    #####:  375:    state->coins = 0;
    #####:  376:    state->numBuys = 1;
    #####:  377:    state->playedCardCount = 0;
    #####:  378:    state->handCount[state->whoseTurn] = 0;
        -:  379:
        -:  380:    //int k; move to top
        -:  381:    //Next player draws hand
    #####:  382:    for (k = 0; k < 5; k++) {
branch  0 never executed
branch  1 never executed
    #####:  383:        drawCard(state->whoseTurn, state);//Draw a card
    #####:  384:    }
        -:  385:
        -:  386:    //Update money
    #####:  387:    updateCoins(state->whoseTurn, state, 0);
        -:  388:
    #####:  389:    return 0;
        -:  390:}
        -:  391:
function isGameOver called 199794 returned 100% blocks executed 84%
        -:  392:int isGameOver(struct gameState *state) {
        -:  393:    int i;
        -:  394:    int j;
        -:  395:
        -:  396:    //if stack of Province cards is empty, the game ends
   199794:  397:    if (state->supplyCount[province] == 0)
branch  0 taken 0%
branch  1 taken 100%
        -:  398:    {
    #####:  399:        return 1;
        -:  400:    }
        -:  401:
        -:  402:    //if three supply pile are at 0, the game ends
   199794:  403:    j = 0;
 10389288:  404:    for (i = 0; i < 25; i++)
branch  0 taken 96%
branch  1 taken 4%
        -:  405:    {
  4994850:  406:        if (state->supplyCount[i] == 0)
branch  0 taken 4%
branch  1 taken 96%
        -:  407:        {
   199794:  408:            j++;
   199794:  409:        }
  4994850:  410:    }
   199794:  411:    if ( j >= 3)
branch  0 taken 0%
branch  1 taken 100%
        -:  412:    {
    #####:  413:        return 1;
        -:  414:    }
        -:  415:
   199794:  416:    return 0;
   199794:  417:}
        -:  418:
function scoreFor called 0 returned 0% blocks executed 0%
        -:  419:int scoreFor (int player, struct gameState *state) {
        -:  420:
        -:  421:    int i;
    #####:  422:    int score = 0;
        -:  423:    //score from hand
    #####:  424:    for (i = 0; i < state->handCount[player]; i++)
branch  0 never executed
branch  1 never executed
        -:  425:    {
    #####:  426:        if (state->hand[player][i] == curse) {
branch  0 never executed
branch  1 never executed
    #####:  427:            score = score - 1;
    #####:  428:        };
    #####:  429:        if (state->hand[player][i] == estate) {
branch  0 never executed
branch  1 never executed
    #####:  430:            score = score + 1;
    #####:  431:        };
    #####:  432:        if (state->hand[player][i] == duchy) {
branch  0 never executed
branch  1 never executed
    #####:  433:            score = score + 3;
    #####:  434:        };
    #####:  435:        if (state->hand[player][i] == province) {
branch  0 never executed
branch  1 never executed
    #####:  436:            score = score + 6;
    #####:  437:        };
    #####:  438:        if (state->hand[player][i] == great_hall) {
branch  0 never executed
branch  1 never executed
    #####:  439:            score = score + 1;
    #####:  440:        };
    #####:  441:        if (state->hand[player][i] == gardens) {
branch  0 never executed
branch  1 never executed
    #####:  442:            score = score + ( fullDeckCount(player, 0, state) / 10 );
    #####:  443:        };
    #####:  444:    }
        -:  445:
        -:  446:    //score from discard
    #####:  447:    for (i = 0; i < state->discardCount[player]; i++)
branch  0 never executed
branch  1 never executed
        -:  448:    {
    #####:  449:        if (state->discard[player][i] == curse) {
branch  0 never executed
branch  1 never executed
    #####:  450:            score = score - 1;
    #####:  451:        };
    #####:  452:        if (state->discard[player][i] == estate) {
branch  0 never executed
branch  1 never executed
    #####:  453:            score = score + 1;
    #####:  454:        };
    #####:  455:        if (state->discard[player][i] == duchy) {
branch  0 never executed
branch  1 never executed
    #####:  456:            score = score + 3;
    #####:  457:        };
    #####:  458:        if (state->discard[player][i] == province) {
branch  0 never executed
branch  1 never executed
    #####:  459:            score = score + 6;
    #####:  460:        };
    #####:  461:        if (state->discard[player][i] == great_hall) {
branch  0 never executed
branch  1 never executed
    #####:  462:            score = score + 1;
    #####:  463:        };
    #####:  464:        if (state->discard[player][i] == gardens) {
branch  0 never executed
branch  1 never executed
    #####:  465:            score = score + ( fullDeckCount(player, 0, state) / 10 );
    #####:  466:        };
    #####:  467:    }
        -:  468:
        -:  469:    //score from deck
    #####:  470:    for (i = 0; i < state->discardCount[player]; i++)
branch  0 never executed
branch  1 never executed
        -:  471:    {
    #####:  472:        if (state->deck[player][i] == curse) {
branch  0 never executed
branch  1 never executed
    #####:  473:            score = score - 1;
    #####:  474:        };
    #####:  475:        if (state->deck[player][i] == estate) {
branch  0 never executed
branch  1 never executed
    #####:  476:            score = score + 1;
    #####:  477:        };
    #####:  478:        if (state->deck[player][i] == duchy) {
branch  0 never executed
branch  1 never executed
    #####:  479:            score = score + 3;
    #####:  480:        };
    #####:  481:        if (state->deck[player][i] == province) {
branch  0 never executed
branch  1 never executed
    #####:  482:            score = score + 6;
    #####:  483:        };
    #####:  484:        if (state->deck[player][i] == great_hall) {
branch  0 never executed
branch  1 never executed
    #####:  485:            score = score + 1;
    #####:  486:        };
    #####:  487:        if (state->deck[player][i] == gardens) {
branch  0 never executed
branch  1 never executed
    #####:  488:            score = score + ( fullDeckCount(player, 0, state) / 10 );
    #####:  489:        };
    #####:  490:    }
        -:  491:
    #####:  492:    return score;
        -:  493:}
        -:  494:
function getWinners called 0 returned 0% blocks executed 0%
        -:  495:int getWinners(int players[MAX_PLAYERS], struct gameState *state) {
        -:  496:    int i;
        -:  497:    int j;
        -:  498:    int highScore;
        -:  499:    int currentPlayer;
        -:  500:
        -:  501:    //get score for each player
    #####:  502:    for (i = 0; i < MAX_PLAYERS; i++)
branch  0 never executed
branch  1 never executed
        -:  503:    {
        -:  504:        //set unused player scores to -9999
    #####:  505:        if (i >= state->numPlayers)
branch  0 never executed
branch  1 never executed
        -:  506:        {
    #####:  507:            players[i] = -9999;
    #####:  508:        }
        -:  509:        else
        -:  510:        {
    #####:  511:            players[i] = scoreFor (i, state);
        -:  512:        }
    #####:  513:    }
        -:  514:
        -:  515:    //find highest score
    #####:  516:    j = 0;
    #####:  517:    for (i = 0; i < MAX_PLAYERS; i++)
branch  0 never executed
branch  1 never executed
        -:  518:    {
    #####:  519:        if (players[i] > players[j])
branch  0 never executed
branch  1 never executed
        -:  520:        {
    #####:  521:            j = i;
    #####:  522:        }
    #####:  523:    }
    #####:  524:    highScore = players[j];
        -:  525:
        -:  526:    //add 1 to players who had less turns
    #####:  527:    currentPlayer = whoseTurn(state);
    #####:  528:    for (i = 0; i < MAX_PLAYERS; i++)
branch  0 never executed
branch  1 never executed
        -:  529:    {
    #####:  530:        if ( players[i] == highScore && i > currentPlayer )
branch  0 never executed
branch  1 never executed
branch  2 never executed
branch  3 never executed
        -:  531:        {
    #####:  532:            players[i]++;
    #####:  533:        }
    #####:  534:    }
        -:  535:
        -:  536:    //find new highest score
    #####:  537:    j = 0;
    #####:  538:    for (i = 0; i < MAX_PLAYERS; i++)
branch  0 never executed
branch  1 never executed
        -:  539:    {
    #####:  540:        if ( players[i] > players[j] )
branch  0 never executed
branch  1 never executed
        -:  541:        {
    #####:  542:            j = i;
    #####:  543:        }
    #####:  544:    }
    #####:  545:    highScore = players[j];
        -:  546:
        -:  547:    //set winners in array to 1 and rest to 0
    #####:  548:    for (i = 0; i < MAX_PLAYERS; i++)
branch  0 never executed
branch  1 never executed
        -:  549:    {
    #####:  550:        if ( players[i] == highScore )
branch  0 never executed
branch  1 never executed
        -:  551:        {
    #####:  552:            players[i] = 1;
    #####:  553:        }
        -:  554:        else
        -:  555:        {
    #####:  556:            players[i] = 0;
        -:  557:        }
    #####:  558:    }
        -:  559:
    #####:  560:    return 0;
        -:  561:}
        -:  562:
function drawCard called 32616413 returned 100% blocks executed 41%
        -:  563:int drawCard(int player, struct gameState *state)
        -:  564:{   int count;
        -:  565:    int deckCounter;
 32616413:  566:    if (state->deckCount[player] <= 0) { //Deck is empty
branch  0 taken 0%
branch  1 taken 100%
        -:  567:
        -:  568:        //Step 1 Shuffle the discard pile back into a deck
        -:  569:        int i;
        -:  570:        //Move discard to deck
    #####:  571:        for (i = 0; i < state->discardCount[player]; i++) {
branch  0 never executed
branch  1 never executed
    #####:  572:            state->deck[player][i] = state->discard[player][i];
    #####:  573:            state->discard[player][i] = -1;
    #####:  574:        }
        -:  575:
    #####:  576:        state->deckCount[player] = state->discardCount[player];
    #####:  577:        state->discardCount[player] = 0;//Reset discard
        -:  578:
        -:  579:        //Shufffle the deck
    #####:  580:        shuffle(player, state);//Shuffle the deck up and make it so that we can draw
        -:  581:
        -:  582:        if (DEBUG) { //Debug statements
        -:  583:            printf("Deck count now: %d\n", state->deckCount[player]);
        -:  584:        }
        -:  585:
    #####:  586:        state->discardCount[player] = 0;
        -:  587:
        -:  588:        //Step 2 Draw Card
    #####:  589:        count = state->handCount[player];//Get current player's hand count
        -:  590:
        -:  591:        if (DEBUG) { //Debug statements
        -:  592:            printf("Current hand count: %d\n", count);
        -:  593:        }
        -:  594:
    #####:  595:        deckCounter = state->deckCount[player];//Create a holder for the deck count
        -:  596:
    #####:  597:        if (deckCounter == 0)
branch  0 never executed
branch  1 never executed
    #####:  598:            return -1;
        -:  599:
    #####:  600:        state->hand[player][count] = state->deck[player][deckCounter - 1];//Add card to hand
    #####:  601:        state->deckCount[player]--;
    #####:  602:        state->handCount[player]++;//Increment hand count
    #####:  603:    }
        -:  604:
        -:  605:    else {
 32616413:  606:        int count = state->handCount[player];//Get current hand count for player
        -:  607:        int deckCounter;
        -:  608:        if (DEBUG) { //Debug statements
        -:  609:            printf("Current hand count: %d\n", count);
        -:  610:        }
        -:  611:
 32616413:  612:        deckCounter = state->deckCount[player];//Create holder for the deck count
 32616413:  613:        state->hand[player][count] = state->deck[player][deckCounter - 1];//Add card to the hand
 32616413:  614:        state->deckCount[player]--;
 32616413:  615:        state->handCount[player]++;//Increment hand count
        -:  616:    }
        -:  617:
 32616413:  618:    return 0;
 32616413:  619:}
        -:  620:
function getCost called 4 returned 100% blocks executed 16%
        -:  621:int getCost(int cardNumber)
        -:  622:{
        4:  623:    switch( cardNumber )
branch  0 taken 0%
branch  1 taken 0%
branch  2 taken 0%
branch  3 taken 0%
branch  4 taken 50%
branch  5 taken 50%
branch  6 taken 0%
branch  7 taken 0%
branch  8 taken 0%
branch  9 taken 0%
branch 10 taken 0%
branch 11 taken 0%
branch 12 taken 0%
branch 13 taken 0%
branch 14 taken 0%
branch 15 taken 0%
branch 16 taken 0%
branch 17 taken 0%
branch 18 taken 0%
branch 19 taken 0%
branch 20 taken 0%
branch 21 taken 0%
branch 22 taken 0%
branch 23 taken 0%
branch 24 taken 0%
branch 25 taken 0%
branch 26 taken 0%
branch 27 taken 0%
        -:  624:    {
        -:  625:    case curse:
    #####:  626:        return 0;
        -:  627:    case estate:
    #####:  628:        return 2;
        -:  629:    case duchy:
    #####:  630:        return 5;
        -:  631:    case province:
    #####:  632:        return 8;
        -:  633:    case copper:
        2:  634:        return 0;
        -:  635:    case silver:
        2:  636:        return 3;
        -:  637:    case gold:
    #####:  638:        return 6;
        -:  639:    case adventurer:
    #####:  640:        return 6;
        -:  641:    case council_room:
    #####:  642:        return 5;
        -:  643:    case feast:
    #####:  644:        return 4;
        -:  645:    case gardens:
    #####:  646:        return 4;
        -:  647:    case mine:
    #####:  648:        return 5;
        -:  649:    case remodel:
    #####:  650:        return 4;
        -:  651:    case smithy:
    #####:  652:        return 4;
        -:  653:    case village:
    #####:  654:        return 3;
        -:  655:    case baron:
    #####:  656:        return 4;
        -:  657:    case great_hall:
    #####:  658:        return 3;
        -:  659:    case minion:
    #####:  660:        return 5;
        -:  661:    case steward:
    #####:  662:        return 3;
        -:  663:    case tribute:
    #####:  664:        return 5;
        -:  665:    case ambassador:
    #####:  666:        return 3;
        -:  667:    case cutpurse:
    #####:  668:        return 4;
        -:  669:    case embargo:
    #####:  670:        return 2;
        -:  671:    case outpost:
    #####:  672:        return 5;
        -:  673:    case salvager:
    #####:  674:        return 4;
        -:  675:    case sea_hag:
    #####:  676:        return 4;
        -:  677:    case treasure_map:
    #####:  678:        return 4;
        -:  679:    }
        -:  680:
    #####:  681:    return -1;
        4:  682:}
        -:  683:
function gainEstate called 1000004 returned 100% blocks executed 100%
        -:  684:void gainEstate(struct gameState *state, int currentPlayer) {
  1000004:  685:    if (supplyCount(estate, state) > 0) {
branch  0 taken 100%
branch  1 taken 0%
  1000004:  686:        gainCard(estate, state, 0, currentPlayer);
        -:  687:
  1000004:  688:        state->supplyCount[estate]--;//Decrement estates
  1000004:  689:        if (supplyCount(estate, state) == 0) {
branch  0 taken 20%
branch  1 taken 80%
   199794:  690:            isGameOver(state);
   199794:  691:        }
  1000004:  692:    }
  1000004:  693:}
        -:  694:
function baronCardEffect called 1000004 returned 100% blocks executed 100%
        -:  695:int baronCardEffect(int choice1, struct gameState *state, int currentPlayer) {
  1000004:  696:	state->numBuys++;//Increase buys by 1!
  1000004:  697:    if (choice1 > 0) { //Boolean true or going to discard an estate
branch  0 taken 50%
branch  1 taken 50%
   499465:  698:        int p = 0;//Iterator for hand!
   499465:  699:        int card_not_discarded = 1;//Flag for discard set!
        -:  700:
  5984216:  701:        while(card_not_discarded) {
branch  0 taken 83%
branch  1 taken 17%
  2492643:  702:            if (state->hand[currentPlayer][p] == estate) { //Found an estate card!
branch  0 taken 12%
branch  1 taken 88%
   298735:  703:                state->coins = 4;//Add 4 coins to the amount of coins
   298735:  704:                state->discard[currentPlayer][state->discardCount[currentPlayer]] = state->hand[currentPlayer][p];
   298735:  705:                state->discardCount[currentPlayer]++;
  2604692:  706:                for (; p < state->handCount[currentPlayer]; p++) {
branch  0 taken 77%
branch  1 taken 23%
  1003611:  707:                    state->hand[currentPlayer][p] = state->hand[currentPlayer][p+1];
  1003611:  708:                }
   298735:  709:                state->hand[currentPlayer][state->handCount[currentPlayer]] = -1;
   298735:  710:                state->handCount[currentPlayer]--;
   298735:  711:                card_not_discarded = 1;//Exit the loop
   298735:  712:        	}
        -:  713:
  2193908:  714:            else if (p > state->handCount[currentPlayer]) {
branch  0 taken 23%
branch  1 taken 77%
        -:  715:                if(DEBUG) {
        -:  716:                    printf("No estate cards in your hand, invalid choice\n");
        -:  717:                    printf("Must gain an estate if there are any\n");
        -:  718:                }
        -:  719:
   499465:  720:                gainEstate(state, currentPlayer);
   499465:  721:                card_not_discarded = 0;//Exit the loop
   499465:  722:            }
        -:  723:
        -:  724:            else {
  1694443:  725:                p++;//Next card
        -:  726:            }
        -:  727:        }
   499465:  728:    }
        -:  729:
        -:  730:    else {
   500539:  731:    	gainEstate(state, currentPlayer);
        -:  732:    }
        -:  733:
  1000004:  734:    return 0;
        -:  735:}
        -:  736:
function minionCardEffect called 1000002 returned 100% blocks executed 100%
        -:  737:int minionCardEffect(int choice1, int choice2, struct gameState *state, int handPos, int currentPlayer) {
        -:  738:	//+1 action
  1000002:  739:    state->numActions++;
        -:  740:
        -:  741:    //discard card from hand
  1000002:  742:    discardCard(handPos, currentPlayer, state, 0);
        -:  743:
  1000002:  744:	if (choice1) {
branch  0 taken 50%
branch  1 taken 50%
   499401:  745:        state->coins -= 2;
   499401:  746:    }
        -:  747:
   500601:  748:    else if (choice2) {		//discard hand, redraw 4, other players with 5+ cards discard hand and draw 4
branch  0 taken 100%
branch  1 taken 0%
        -:  749:        //discard hand
  5358438:  750:        while(numHandCards(state) > 0) {
branch  0 taken 81%
branch  1 taken 19%
  2178618:  751:            discardCard(handPos, currentPlayer, state, 0);
        -:  752:        }
        -:  753:
        -:  754:        //draw 4
  6007212:  755:        for (int i = 0; i <= 4; i++) {
branch  0 taken 83%
branch  1 taken 17%
  2503005:  756:            drawCard(currentPlayer, state);
  2503005:  757:        }
        -:  758:
        -:  759:        //other players discard hand and redraw if hand size > 4
  4006050:  760:        for (int i = 0; i < state->numPlayers; i++) {
branch  0 taken 75%
branch  1 taken 25%
  2504247:  761:            if (i != currentPlayer && state->handCount[i] > 4 ) {
branch  0 taken 67%
branch  1 taken 33%
branch  2 taken 1%
branch  3 taken 99%
        -:  762:	            //discard hand
       12:  763:	            while( state->handCount[i] > 0 ) {
branch  0 taken 83%
branch  1 taken 17%
        5:  764:	                discardCard(handPos, i, state, 0);
        -:  765:	            }
        -:  766:
        -:  767:	            //draw 4
       10:  768:	            for (int j = 0; j < 4; j++) {
branch  0 taken 80%
branch  1 taken 20%
        4:  769:	                drawCard(i, state);
        4:  770:	            }
        1:  771:            }
  1502424:  772:        }
   500601:  773:    }
        -:  774:
  1000002:  775:    return 0;
        -:  776:}
        -:  777:
function ambassadorCardEffect called 1 returned 100% blocks executed 40%
        -:  778:int ambassadorCardEffect(int choice1, int choice2, struct gameState *state, int handPos, int currentPlayer) {
        1:  779:    int j = 0;		//used to check if player has enough cards to discard
        -:  780:
       12:  781:    for (int i = 0; i < state->handCount[currentPlayer]; i++) {
branch  0 taken 83%
branch  1 taken 17%
        9:  782:        if (i != handPos && i == state->hand[currentPlayer][choice1] && i != choice1) {
branch  0 taken 80%
branch  1 taken 20%
branch  2 taken 0%
branch  3 taken 100%
branch  4 never executed
branch  5 never executed
    #####:  783:            j++;
    #####:  784:        }
        5:  785:    }
        -:  786:
        4:  787:    if (choice2 > 2 || choice2 < 0 || choice1 == handPos || j < choice2) {
branch  0 taken 100%
branch  1 taken 0%
branch  2 taken 100%
branch  3 taken 0%
branch  4 taken 100%
branch  5 taken 0%
branch  6 taken 100%
branch  7 taken 0%
        1:  788:        return -1;
        -:  789:    }
        -:  790:
        -:  791:    if (DEBUG) {
        -:  792:        printf("Player %d reveals card number: %d\n", currentPlayer, state->hand[currentPlayer][choice1]);
        -:  793:    }
        -:  794:
        -:  795:    //increase supply count for choosen card by amount being discarded
    #####:  796:    state->supplyCount[state->hand[currentPlayer][choice1]] -= choice2;
        -:  797:
        -:  798:    //each other player gains a copy of revealed card
    #####:  799:    for (int i = 0; i <= state->numPlayers; i++) {
branch  0 never executed
branch  1 never executed
    #####:  800:        if (i != currentPlayer) {
branch  0 never executed
branch  1 never executed
    #####:  801:            gainCard(state->hand[currentPlayer][choice1], state, 0, i);
    #####:  802:        }
    #####:  803:    }
        -:  804:
        -:  805:    //discard played card from hand
    #####:  806:    discardCard(handPos, currentPlayer, state, 0);
        -:  807:
        -:  808:    //trash copies of cards returned to supply
    #####:  809:    for (j = 0; j < choice2; j++) {
branch  0 never executed
branch  1 never executed
    #####:  810:        for (int i = 0; i < state->handCount[currentPlayer]; i++) {
branch  0 never executed
branch  1 never executed
    #####:  811:            if (state->hand[currentPlayer][i] == state->hand[currentPlayer][choice1]) {
branch  0 never executed
branch  1 never executed
    #####:  812:                discardCard(i, currentPlayer, state, 1);
    #####:  813:                break;
        -:  814:            }
    #####:  815:        }
    #####:  816:    }
        -:  817:
    #####:  818:    return 0;
        1:  819:}
        -:  820:
function tributeCardEffect called 1000003 returned 100% blocks executed 97%
        -:  821:int tributeCardEffect(struct gameState *state, int currentPlayer, int nextPlayer) {
  1000003:  822:	int tributeRevealedCards[2] = {-1, -1};
        -:  823:
  1000003:  824:	if ((state->discardCount[nextPlayer] + state->deckCount[nextPlayer]) <= 1) {
branch  0 taken 8%
branch  1 taken 92%
    83490:  825:	    if (state->deckCount[nextPlayer] > 0) {
branch  0 taken 34%
branch  1 taken 66%
    27987:  826:	        tributeRevealedCards[0] = state->deck[nextPlayer][state->deckCount[nextPlayer]-1];
    27987:  827:	        state->deckCount[nextPlayer]--;
    27987:  828:	    }
    55503:  829:	    else if (state->discardCount[nextPlayer] > 0) {
branch  0 taken 50%
branch  1 taken 50%
    27694:  830:	        tributeRevealedCards[0] = state->discard[nextPlayer][state->discardCount[nextPlayer]-1];
    27694:  831:	        state->discardCount[nextPlayer]--;
    27694:  832:	    }
        -:  833:	    else if (DEBUG) {	//No Card to Reveal
        -:  834:	        printf("No cards to reveal\n");
        -:  835:	    }
    83490:  836:	}
        -:  837:
        -:  838:	else {
   916513:  839:	    if (state->deckCount[nextPlayer] == 0) {
branch  0 taken 12%
branch  1 taken 88%
   665342:  840:	        for (int i = 0; i < state->discardCount[nextPlayer]; i++) {
branch  0 taken 67%
branch  1 taken 33%
   221885:  841:	            state->deck[nextPlayer][i] = state->discard[nextPlayer][i];//Move to deck
   221885:  842:	            state->deckCount[nextPlayer]++;
   221885:  843:	            state->discard[nextPlayer][i] = -1;
   221885:  844:	            state->discardCount[nextPlayer]--;
   221885:  845:	        }
        -:  846:
   110786:  847:	        shuffle(nextPlayer,state);//Shuffle the deck
   110786:  848:	    }
        -:  849:
   916513:  850:	    tributeRevealedCards[0] = state->deck[nextPlayer][state->deckCount[nextPlayer]-1];
   916513:  851:	    state->deck[nextPlayer][state->deckCount[nextPlayer]--] = -1;
   916513:  852:	    state->deckCount[nextPlayer]--;
   916513:  853:	    tributeRevealedCards[1] = state->deck[nextPlayer][state->deckCount[nextPlayer]-1];
   916513:  854:	    state->deck[nextPlayer][state->deckCount[nextPlayer]--] = -1;
   916513:  855:	    state->deckCount[nextPlayer]--;
        -:  856:	}
        -:  857:
  1000003:  858:	if (tributeRevealedCards[0] == tributeRevealedCards[2]) { //If we have a duplicate card, just drop one
branch  0 taken 0%
branch  1 taken 100%
    #####:  859:	    state->playedCards[state->playedCardCount] = tributeRevealedCards[1];
    #####:  860:	    state->playedCardCount++;
    #####:  861:	    tributeRevealedCards[1] = -1;
    #####:  862:	}
        -:  863:
  8000024:  864:	for (int i = 0; i <= 2; i++) {
branch  0 taken 75%
branch  1 taken 25%
  8739014:  865:	    if (tributeRevealedCards[i] == copper || tributeRevealedCards[i] == silver || tributeRevealedCards[i] == gold) { //Treasure cards
branch  0 taken 97%
branch  1 taken 3%
branch  2 taken 97%
branch  3 taken 3%
branch  4 taken 3%
branch  5 taken 97%
   260363:  866:	        state->coins += 2;
   260363:  867:	    }
        -:  868:
 13066629:  869:	    else if (tributeRevealedCards[i] == estate || tributeRevealedCards[i] == duchy || tributeRevealedCards[i] == province || tributeRevealedCards[i] == gardens || tributeRevealedCards[i] == great_hall) { //Victory Card Found
branch  0 taken 99%
branch  1 taken 1%
branch  2 taken 97%
branch  3 taken 3%
branch  4 taken 97%
branch  5 taken 3%
branch  6 taken 98%
branch  7 taken 2%
branch  8 taken 2%
branch  9 taken 98%
   291977:  870:	        drawCard(currentPlayer, state);
   291977:  871:	        drawCard(currentPlayer, state);
   291977:  872:	    }
        -:  873:	    else { //Action Card
  2447669:  874:	        state->numActions -= 2;
        -:  875:	    }
  3000009:  876:	}
        -:  877:
  1000003:  878:	return 0;
        -:  879:}
        -:  880:
function mineCardEffect called 1 returned 100% blocks executed 86%
        -:  881:int mineCardEffect(int choice1, int choice2, struct gameState *state, int handPos, int currentPlayer) {
        1:  882:    int j = state->hand[currentPlayer][choice2];  //store card we will trash
        -:  883:
        5:  884:    if (state->hand[currentPlayer][choice1] < copper || state->hand[currentPlayer][choice1] > gold || choice2 > treasure_map || choice2 < curse ||
branch  0 taken 100%
branch  1 taken 0%
branch  2 taken 100%
branch  3 taken 0%
branch  4 taken 100%
branch  5 taken 0%
branch  6 taken 100%
branch  7 taken 0%
branch  8 taken 0%
branch  9 taken 100%
        1:  885:    	(getCost(state->hand[currentPlayer][choice1]) + 3) > getCost(choice2)) {
    #####:  886:        return -1;
        -:  887:    }
        -:  888:
        1:  889:    gainCard(choice2, state, 2, currentPlayer);
        -:  890:
        -:  891:    //discard card from hand
        1:  892:    discardCard(handPos, currentPlayer, state, 0);
        -:  893:
        -:  894:    //discard trashed card
       12:  895:    for (int i = 0; i < state->handCount[currentPlayer]; i++)
branch  0 taken 83%
branch  1 taken 17%
        -:  896:    {
        5:  897:        if (state->hand[currentPlayer][i] == j)
branch  0 taken 0%
branch  1 taken 100%
        -:  898:        {
    #####:  899:            discardCard(i, currentPlayer, state, 0);
    #####:  900:            break;
        -:  901:        }
        5:  902:    }
        -:  903:
        1:  904:    return -1;
        1:  905:}
        -:  906:
function cardEffect called 0 returned 0% blocks executed 0%
        -:  907:int cardEffect(int card, int choice1, int choice2, int choice3, struct gameState *state, int handPos, int *bonus)
        -:  908:{
        -:  909:    int i;
        -:  910:    int j;
        -:  911:    int k;
        -:  912:    int x;
        -:  913:    int index;
    #####:  914:    int currentPlayer = whoseTurn(state);
    #####:  915:    int nextPlayer = currentPlayer + 1;
        -:  916:
        -:  917:    int temphand[MAX_HAND];// moved above the if statement
    #####:  918:    int drawntreasure=0;
        -:  919:    int cardDrawn;
    #####:  920:    int z = 0;// this is the counter for the temp hand
    #####:  921:    if (nextPlayer > (state->numPlayers - 1)) {
branch  0 never executed
branch  1 never executed
    #####:  922:        nextPlayer = 0;
    #####:  923:    }
        -:  924:
        -:  925:
        -:  926:    //uses switch to select card and perform actions
    #####:  927:    switch( card )
branch  0 never executed
branch  1 never executed
branch  2 never executed
branch  3 never executed
branch  4 never executed
branch  5 never executed
branch  6 never executed
branch  7 never executed
branch  8 never executed
branch  9 never executed
branch 10 never executed
branch 11 never executed
branch 12 never executed
branch 13 never executed
branch 14 never executed
branch 15 never executed
branch 16 never executed
branch 17 never executed
branch 18 never executed
branch 19 never executed
branch 20 never executed
        -:  928:    {
        -:  929:    case adventurer:
    #####:  930:        while(drawntreasure<2) {
branch  0 never executed
branch  1 never executed
    #####:  931:            if (state->deckCount[currentPlayer] <1) { //if the deck is empty we need to shuffle discard and add to deck
branch  0 never executed
branch  1 never executed
    #####:  932:                shuffle(currentPlayer, state);
    #####:  933:            }
    #####:  934:            drawCard(currentPlayer, state);
    #####:  935:            cardDrawn = state->hand[currentPlayer][state->handCount[currentPlayer]-1];//top card of hand is most recently drawn card.
    #####:  936:            if (cardDrawn == copper || cardDrawn == silver || cardDrawn == gold)
branch  0 never executed
branch  1 never executed
branch  2 never executed
branch  3 never executed
branch  4 never executed
branch  5 never executed
    #####:  937:                drawntreasure++;
        -:  938:            else {
    #####:  939:                temphand[z]=cardDrawn;
    #####:  940:                state->handCount[currentPlayer]--; //this should just remove the top card (the most recently drawn one).
    #####:  941:                z++;
        -:  942:            }
        -:  943:        }
    #####:  944:        while(z-1>=0) {
branch  0 never executed
branch  1 never executed
    #####:  945:            state->discard[currentPlayer][state->discardCount[currentPlayer]++]=temphand[z-1]; // discard all cards in play that have been drawn
    #####:  946:            z=z-1;
        -:  947:        }
    #####:  948:        return 0;
        -:  949:
        -:  950:    case council_room:
        -:  951:        //+4 Cards
    #####:  952:        for (i = 0; i < 4; i++)
branch  0 never executed
branch  1 never executed
        -:  953:        {
    #####:  954:            drawCard(currentPlayer, state);
    #####:  955:        }
        -:  956:
        -:  957:        //+1 Buy
    #####:  958:        state->numBuys++;
        -:  959:
        -:  960:        //Each other player draws a card
    #####:  961:        for (i = 0; i < state->numPlayers; i++)
branch  0 never executed
branch  1 never executed
        -:  962:        {
    #####:  963:            if ( i != currentPlayer )
branch  0 never executed
branch  1 never executed
        -:  964:            {
    #####:  965:                drawCard(i, state);
    #####:  966:            }
    #####:  967:        }
        -:  968:
        -:  969:        //put played card in played card pile
    #####:  970:        discardCard(handPos, currentPlayer, state, 0);
        -:  971:
    #####:  972:        return 0;
        -:  973:
        -:  974:    case feast:
        -:  975:        //gain card with cost up to 5
        -:  976:        //Backup hand
    #####:  977:        for (i = 0; i <= state->handCount[currentPlayer]; i++) {
branch  0 never executed
branch  1 never executed
    #####:  978:            temphand[i] = state->hand[currentPlayer][i];//Backup card
    #####:  979:            state->hand[currentPlayer][i] = -1;//Set to nothing
    #####:  980:        }
        -:  981:        //Backup hand
        -:  982:
        -:  983:        //Update Coins for Buy
    #####:  984:        updateCoins(currentPlayer, state, 5);
    #####:  985:        x = 1;//Condition to loop on
    #####:  986:        while( x == 1) {//Buy one card
branch  0 never executed
branch  1 never executed
    #####:  987:            if (supplyCount(choice1, state) <= 0) {
branch  0 never executed
branch  1 never executed
        -:  988:                if (DEBUG)
        -:  989:                    printf("None of that card left, sorry!\n");
        -:  990:
        -:  991:                if (DEBUG) {
        -:  992:                    printf("Cards Left: %d\n", supplyCount(choice1, state));
        -:  993:                }
    #####:  994:            }
    #####:  995:            else if (state->coins < getCost(choice1)) {
branch  0 never executed
branch  1 never executed
    #####:  996:                printf("That card is too expensive!\n");
        -:  997:
        -:  998:                if (DEBUG) {
        -:  999:                    printf("Coins: %d < %d\n", state->coins, getCost(choice1));
        -: 1000:                }
    #####: 1001:            }
        -: 1002:            else {
        -: 1003:
        -: 1004:                if (DEBUG) {
        -: 1005:                    printf("Deck Count: %d\n", state->handCount[currentPlayer] + state->deckCount[currentPlayer] + state->discardCount[currentPlayer]);
        -: 1006:                }
        -: 1007:
    #####: 1008:                gainCard(choice1, state, 0, currentPlayer);//Gain the card
    #####: 1009:                x = 0;//No more buying cards
        -: 1010:
        -: 1011:                if (DEBUG) {
        -: 1012:                    printf("Deck Count: %d\n", state->handCount[currentPlayer] + state->deckCount[currentPlayer] + state->discardCount[currentPlayer]);
        -: 1013:                }
        -: 1014:
        -: 1015:            }
        -: 1016:        }
        -: 1017:
        -: 1018:        //Reset Hand
    #####: 1019:        for (i = 0; i <= state->handCount[currentPlayer]; i++) {
branch  0 never executed
branch  1 never executed
    #####: 1020:            state->hand[currentPlayer][i] = temphand[i];
    #####: 1021:            temphand[i] = -1;
    #####: 1022:        }
        -: 1023:        //Reset Hand
        -: 1024:
    #####: 1025:        return 0;
        -: 1026:
        -: 1027:    case gardens:
    #####: 1028:        return -1;
        -: 1029:
        -: 1030:    case mine:
    #####: 1031:    	mineCardEffect(choice1, choice2, state, handPos, currentPlayer);
    #####: 1032:        return 0;
        -: 1033:
        -: 1034:    case remodel:
    #####: 1035:        j = state->hand[currentPlayer][choice1];  //store card we will trash
        -: 1036:
    #####: 1037:        if ( (getCost(state->hand[currentPlayer][choice1]) + 2) > getCost(choice2) )
branch  0 never executed
branch  1 never executed
        -: 1038:        {
    #####: 1039:            return -1;
        -: 1040:        }
        -: 1041:
    #####: 1042:        gainCard(choice2, state, 0, currentPlayer);
        -: 1043:
        -: 1044:        //discard card from hand
    #####: 1045:        discardCard(handPos, currentPlayer, state, 0);
        -: 1046:
        -: 1047:        //discard trashed card
    #####: 1048:        for (i = 0; i < state->handCount[currentPlayer]; i++)
branch  0 never executed
branch  1 never executed
        -: 1049:        {
    #####: 1050:            if (state->hand[currentPlayer][i] == j)
branch  0 never executed
branch  1 never executed
        -: 1051:            {
    #####: 1052:                discardCard(i, currentPlayer, state, 0);
    #####: 1053:                break;
        -: 1054:            }
    #####: 1055:        }
        -: 1056:
        -: 1057:
    #####: 1058:        return 0;
        -: 1059:
        -: 1060:    case smithy:
        -: 1061:        //+3 Cards
    #####: 1062:        for (i = 0; i < 3; i++)
branch  0 never executed
branch  1 never executed
        -: 1063:        {
    #####: 1064:            drawCard(currentPlayer, state);
    #####: 1065:        }
        -: 1066:
        -: 1067:        //discard card from hand
    #####: 1068:        discardCard(handPos, currentPlayer, state, 0);
    #####: 1069:        return 0;
        -: 1070:
        -: 1071:    case village:
        -: 1072:        //+1 Card
    #####: 1073:        drawCard(currentPlayer, state);
        -: 1074:
        -: 1075:        //+2 Actions
    #####: 1076:        state->numActions = state->numActions + 2;
        -: 1077:
        -: 1078:        //discard played card from hand
    #####: 1079:        discardCard(handPos, currentPlayer, state, 0);
    #####: 1080:        return 0;
        -: 1081:
        -: 1082:    case baron:
    #####: 1083:        baronCardEffect(choice1, state, currentPlayer);
    #####: 1084:        return 0;
        -: 1085:
        -: 1086:    case great_hall:
        -: 1087:        //+1 Card
    #####: 1088:        drawCard(currentPlayer, state);
        -: 1089:
        -: 1090:        //+1 Actions
    #####: 1091:        state->numActions++;
        -: 1092:
        -: 1093:        //discard card from hand
    #####: 1094:        discardCard(handPos, currentPlayer, state, 0);
    #####: 1095:        return 0;
        -: 1096:
        -: 1097:    case minion:
    #####: 1098:        minionCardEffect(choice1, choice2, state, handPos, currentPlayer);
    #####: 1099:        return 0;
        -: 1100:
        -: 1101:    case steward:
    #####: 1102:        if (choice1 == 1)
branch  0 never executed
branch  1 never executed
        -: 1103:        {
        -: 1104:            //+2 cards
    #####: 1105:            drawCard(currentPlayer, state);
    #####: 1106:            drawCard(currentPlayer, state);
    #####: 1107:        }
    #####: 1108:        else if (choice1 == 2)
branch  0 never executed
branch  1 never executed
        -: 1109:        {
        -: 1110:            //+2 coins
    #####: 1111:            state->coins = state->coins + 2;
    #####: 1112:        }
        -: 1113:        else
        -: 1114:        {
        -: 1115:            //trash 2 cards in hand
    #####: 1116:            discardCard(choice2, currentPlayer, state, 1);
    #####: 1117:            discardCard(choice3, currentPlayer, state, 1);
        -: 1118:        }
        -: 1119:
        -: 1120:        //discard card from hand
    #####: 1121:        discardCard(handPos, currentPlayer, state, 0);
    #####: 1122:        return 0;
        -: 1123:
        -: 1124:    case tribute:
    #####: 1125:    	tributeCardEffect(state, currentPlayer, nextPlayer);
    #####: 1126:        return 0;
        -: 1127:
        -: 1128:    case ambassador:
    #####: 1129:    	ambassadorCardEffect(choice1, choice2, state, handPos, currentPlayer);
    #####: 1130:        return 0;
        -: 1131:
        -: 1132:    case cutpurse:
        -: 1133:
    #####: 1134:        updateCoins(currentPlayer, state, 2);
    #####: 1135:        for (i = 0; i < state->numPlayers; i++)
branch  0 never executed
branch  1 never executed
        -: 1136:        {
    #####: 1137:            if (i != currentPlayer)
branch  0 never executed
branch  1 never executed
        -: 1138:            {
    #####: 1139:                for (j = 0; j < state->handCount[i]; j++)
branch  0 never executed
branch  1 never executed
        -: 1140:                {
    #####: 1141:                    if (state->hand[i][j] == copper)
branch  0 never executed
branch  1 never executed
        -: 1142:                    {
    #####: 1143:                        discardCard(j, i, state, 0);
    #####: 1144:                        break;
        -: 1145:                    }
    #####: 1146:                    if (j == state->handCount[i])
branch  0 never executed
branch  1 never executed
        -: 1147:                    {
    #####: 1148:                        for (k = 0; k < state->handCount[i]; k++)
branch  0 never executed
branch  1 never executed
        -: 1149:                        {
        -: 1150:                            if (DEBUG)
        -: 1151:                                printf("Player %d reveals card number %d\n", i, state->hand[i][k]);
    #####: 1152:                        }
    #####: 1153:                        break;
        -: 1154:                    }
    #####: 1155:                }
        -: 1156:
    #####: 1157:            }
        -: 1158:
    #####: 1159:        }
        -: 1160:
        -: 1161:        //discard played card from hand
    #####: 1162:        discardCard(handPos, currentPlayer, state, 0);
        -: 1163:
    #####: 1164:        return 0;
        -: 1165:
        -: 1166:
        -: 1167:    case embargo:
        -: 1168:        //+2 Coins
    #####: 1169:        state->coins = state->coins + 2;
        -: 1170:
        -: 1171:        //see if selected pile is in play
    #####: 1172:        if ( state->supplyCount[choice1] == -1 )
branch  0 never executed
branch  1 never executed
        -: 1173:        {
    #####: 1174:            return -1;
        -: 1175:        }
        -: 1176:
        -: 1177:        //add embargo token to selected supply pile
    #####: 1178:        state->embargoTokens[choice1]++;
        -: 1179:
        -: 1180:        //trash card
    #####: 1181:        discardCard(handPos, currentPlayer, state, 1);
    #####: 1182:        return 0;
        -: 1183:
        -: 1184:    case outpost:
        -: 1185:        //set outpost flag
    #####: 1186:        state->outpostPlayed++;
        -: 1187:
        -: 1188:        //discard card
    #####: 1189:        discardCard(handPos, currentPlayer, state, 0);
    #####: 1190:        return 0;
        -: 1191:
        -: 1192:    case salvager:
        -: 1193:        //+1 buy
    #####: 1194:        state->numBuys++;
        -: 1195:
    #####: 1196:        if (choice1)
branch  0 never executed
branch  1 never executed
        -: 1197:        {
        -: 1198:            //gain coins equal to trashed card
    #####: 1199:            state->coins = state->coins + getCost( handCard(choice1, state) );
        -: 1200:            //trash card
    #####: 1201:            discardCard(choice1, currentPlayer, state, 1);
    #####: 1202:        }
        -: 1203:
        -: 1204:        //discard card
    #####: 1205:        discardCard(handPos, currentPlayer, state, 0);
    #####: 1206:        return 0;
        -: 1207:
        -: 1208:    case sea_hag:
    #####: 1209:        for (i = 0; i < state->numPlayers; i++) {
branch  0 never executed
branch  1 never executed
    #####: 1210:            if (i != currentPlayer) {
branch  0 never executed
branch  1 never executed
    #####: 1211:                state->discard[i][state->discardCount[i]] = state->deck[i][state->deckCount[i]--];
    #####: 1212:                state->deckCount[i]--;
    #####: 1213:                state->discardCount[i]++;
    #####: 1214:                state->deck[i][state->deckCount[i]--] = curse;//Top card now a curse
    #####: 1215:            }
    #####: 1216:        }
    #####: 1217:        return 0;
        -: 1218:
        -: 1219:    case treasure_map:
        -: 1220:        //search hand for another treasure_map
    #####: 1221:        index = -1;
    #####: 1222:        for (i = 0; i < state->handCount[currentPlayer]; i++)
branch  0 never executed
branch  1 never executed
        -: 1223:        {
    #####: 1224:            if (state->hand[currentPlayer][i] == treasure_map && i != handPos)
branch  0 never executed
branch  1 never executed
branch  2 never executed
branch  3 never executed
        -: 1225:            {
    #####: 1226:                index = i;
    #####: 1227:                break;
        -: 1228:            }
    #####: 1229:        }
    #####: 1230:        if (index > -1)
branch  0 never executed
branch  1 never executed
        -: 1231:        {
        -: 1232:            //trash both treasure cards
    #####: 1233:            discardCard(handPos, currentPlayer, state, 1);
    #####: 1234:            discardCard(index, currentPlayer, state, 1);
        -: 1235:
        -: 1236:            //gain 4 Gold cards
    #####: 1237:            for (i = 0; i < 4; i++)
branch  0 never executed
branch  1 never executed
        -: 1238:            {
    #####: 1239:                gainCard(gold, state, 1, currentPlayer);
    #####: 1240:            }
        -: 1241:
        -: 1242:            //return success
    #####: 1243:            return 1;
        -: 1244:        }
        -: 1245:
        -: 1246:        //no second treasure_map found in hand
    #####: 1247:        return -1;
        -: 1248:    }
        -: 1249:
    #####: 1250:    return -1;
    #####: 1251:}
        -: 1252:
function discardCard called 3178626 returned 100% blocks executed 100%
        -: 1253:int discardCard(int handPos, int currentPlayer, struct gameState *state, int trashFlag)
        -: 1254:{
        -: 1255:
        -: 1256:    //if card is not trashed, added to Played pile
  3178626: 1257:    if (trashFlag < 1)
branch  0 taken 100%
branch  1 taken 0%
        -: 1258:    {
        -: 1259:        //add card to played pile
  3178626: 1260:        state->playedCards[state->playedCardCount] = state->hand[currentPlayer][handPos];
  3178626: 1261:        state->playedCardCount++;
  3178626: 1262:    }
        -: 1263:
        -: 1264:    //set played card to -1
  3178626: 1265:    state->hand[currentPlayer][handPos] = -1;
        -: 1266:
        -: 1267:    //remove card from player's hand
  3178626: 1268:    if ( handPos == (state->handCount[currentPlayer] - 1) ) 	//last card in hand array is played
branch  0 taken 16%
branch  1 taken 84%
        -: 1269:    {
        -: 1270:        //reduce number of cards in hand
   500282: 1271:        state->handCount[currentPlayer]--;
   500282: 1272:    }
  2678344: 1273:    else if ( state->handCount[currentPlayer] == 1 ) //only one card in hand
branch  0 taken 15%
branch  1 taken 85%
        -: 1274:    {
        -: 1275:        //reduce number of cards in hand
   413334: 1276:        state->handCount[currentPlayer]--;
   413334: 1277:    }
        -: 1278:    else
        -: 1279:    {
        -: 1280:        //replace discarded card with last card in hand
  2265010: 1281:        state->hand[currentPlayer][handPos] = state->hand[currentPlayer][ (state->handCount[currentPlayer] - 1)];
        -: 1282:        //set last card to -1
  2265010: 1283:        state->hand[currentPlayer][state->handCount[currentPlayer] - 1] = -1;
        -: 1284:        //reduce number of cards in hand
  2265010: 1285:        state->handCount[currentPlayer]--;
        -: 1286:    }
        -: 1287:
  3178626: 1288:    return 0;
        -: 1289:}
        -: 1290:
function gainCard called 1000005 returned 100% blocks executed 81%
        -: 1291:int gainCard(int supplyPos, struct gameState *state, int toFlag, int player)
        -: 1292:{
        -: 1293:    //Note: supplyPos is enum of choosen card
        -: 1294:
        -: 1295:    //check if supply pile is empty (0) or card is not used in game (-1)
  1000005: 1296:    if ( supplyCount(supplyPos, state) < 1 )
branch  0 taken 0%
branch  1 taken 100%
        -: 1297:    {
    #####: 1298:        return -1;
        -: 1299:    }
        -: 1300:
        -: 1301:    //added card for [whoseTurn] current player:
        -: 1302:    // toFlag = 0 : add to discard
        -: 1303:    // toFlag = 1 : add to deck
        -: 1304:    // toFlag = 2 : add to hand
        -: 1305:
  1000005: 1306:    if (toFlag == 1)
branch  0 taken 0%
branch  1 taken 100%
        -: 1307:    {
    #####: 1308:        state->deck[ player ][ state->deckCount[player] ] = supplyPos;
    #####: 1309:        state->deckCount[player]++;
    #####: 1310:    }
  1000005: 1311:    else if (toFlag == 2)
branch  0 taken 1%
branch  1 taken 99%
        -: 1312:    {
        1: 1313:        state->hand[ player ][ state->handCount[player] ] = supplyPos;
        1: 1314:        state->handCount[player]++;
        1: 1315:    }
        -: 1316:    else
        -: 1317:    {
  1000004: 1318:        state->discard[player][ state->discardCount[player] ] = supplyPos;
  1000004: 1319:        state->discardCount[player]++;
        -: 1320:    }
        -: 1321:
        -: 1322:    //decrease number in supply pile
  1000005: 1323:    state->supplyCount[supplyPos]--;
        -: 1324:
  1000005: 1325:    return 0;
  1000005: 1326:}
        -: 1327:
function updateCoins called 5905890 returned 100% blocks executed 85%
        -: 1328:int updateCoins(int player, struct gameState *state, int bonus)
        -: 1329:{
        -: 1330:    int i;
        -: 1331:
        -: 1332:    //reset coin count
  5905890: 1333:    state->coins = 0;
        -: 1334:
        -: 1335:    //add coins for each Treasure card in player's hand
 70870680: 1336:    for (i = 0; i < state->handCount[player]; i++)
branch  0 taken 83%
branch  1 taken 17%
        -: 1337:    {
 29529450: 1338:        if (state->hand[player][i] == copper)
branch  0 taken 80%
branch  1 taken 20%
        -: 1339:        {
 23623560: 1340:            state->coins += 1;
 23623560: 1341:        }
  5905890: 1342:        else if (state->hand[player][i] == silver)
branch  0 taken 0%
branch  1 taken 100%
        -: 1343:        {
    #####: 1344:            state->coins += 2;
    #####: 1345:        }
  5905890: 1346:        else if (state->hand[player][i] == gold)
branch  0 taken 0%
branch  1 taken 100%
        -: 1347:        {
    #####: 1348:            state->coins += 3;
    #####: 1349:        }
 29529450: 1350:    }
        -: 1351:
        -: 1352:    //add bonus
  5905890: 1353:    state->coins += bonus;
        -: 1354:
  5905890: 1355:    return 0;
        -: 1356:}
        -: 1357:
        -: 1358:
        -: 1359://end of dominion.c
